"../../../../../../Users/nickm/Desktop/GBC/S4/Game Production/GAME2030_NW_QBert/Content/QBert/Arcade_-_QBert_-_General_Sprites.uasset" 0
"../../../../../../Users/nickm/Desktop/GBC/S4/Game Production/GAME2030_NW_QBert/Content/QBert/Terrain__16x16__1_TileSet.uasset" 1
"../../../../../../Users/nickm/Desktop/GBC/S4/Game Production/GAME2030_NW_QBert/Content/QBert/BackgroundTilemap.uasset" 2
"../../../../../../Users/nickm/Desktop/GBC/S4/Game Production/GAME2030_NW_QBert/Content/BackgroundTilemap.uasset" 3
"../../../Engine/Content/EditorBlueprintResources/StandardMacros.uasset" 4
"../../../../../../Users/nickm/Desktop/GBC/S4/Game Production/GAME2030_NW_QBert/Content/QBert/Blue_Tiles/Arcade_-_QBert_-_General_Sprites_Blue_Tiles_2.uasset" 5
"../../../../../../Users/nickm/Desktop/GBC/S4/Game Production/GAME2030_NW_QBert/Content/QBert/Blue_Tiles/Arcade_-_QBert_-_General_Sprites_Blue_Tiles_4.uasset" 6
"../../../../../../Users/nickm/Desktop/GBC/S4/Game Production/GAME2030_NW_QBert/Content/QBert/BP_Tiles.uasset" 7
"../../../../../../Users/nickm/Desktop/GBC/S4/Game Production/GAME2030_NW_QBert/Content/BP_Tiles.uasset" 8
"../../../../../../Users/nickm/Desktop/GBC/S4/Game Production/GAME2030_NW_QBert/Content/QBert/Blue_Tiles/Arcade_-_QBert_-_General_Sprites_Blue_Tiles_UI_2.uasset" 9
"../../../../../../Users/nickm/Desktop/GBC/S4/Game Production/GAME2030_NW_QBert/Content/QBert/ChangeToUI.uasset" 10
"../../../../../../Users/nickm/Desktop/GBC/S4/Game Production/GAME2030_NW_QBert/Content/ChangeToUI.uasset" 11
"../../../../../../Users/nickm/Desktop/GBC/S4/Game Production/GAME2030_NW_QBert/Content/QBert/Letters/Arcade_-_QBert_-_General_Sprites_QBert_Letters_0.uasset" 12
"../../../../../../Users/nickm/Desktop/GBC/S4/Game Production/GAME2030_NW_QBert/Content/QBert/Letters/Arcade_-_QBert_-_General_Sprites_QBert_Letters_1.uasset" 13
"../../../../../../Users/nickm/Desktop/GBC/S4/Game Production/GAME2030_NW_QBert/Content/QBert/Letters/Arcade_-_QBert_-_General_Sprites_QBert_Letters_2.uasset" 14
"../../../../../../Users/nickm/Desktop/GBC/S4/Game Production/GAME2030_NW_QBert/Content/QBert/Letters/Arcade_-_QBert_-_General_Sprites_QBert_Letters_3.uasset" 15
"../../../../../../Users/nickm/Desktop/GBC/S4/Game Production/GAME2030_NW_QBert/Content/QBert/Letters/Arcade_-_QBert_-_General_Sprites_QBert_Letters_4.uasset" 16
"../../../../../../Users/nickm/Desktop/GBC/S4/Game Production/GAME2030_NW_QBert/Content/QBert/Letters/Arcade_-_QBert_-_General_Sprites_QBert_Letters_5.uasset" 17
"../../../../../../Users/nickm/Desktop/GBC/S4/Game Production/GAME2030_NW_QBert/Content/QBert/Letters/Arcade_-_QBert_-_General_Sprites_QBert_Letters_6.uasset" 18
"../../../../../../Users/nickm/Desktop/GBC/S4/Game Production/GAME2030_NW_QBert/Content/QBert/Letters/Arcade_-_QBert_-_General_Sprites_QBert_Letters_7.uasset" 19
"../../../../../../Users/nickm/Desktop/GBC/S4/Game Production/GAME2030_NW_QBert/Content/QBert/Letters/Arcade_-_QBert_-_General_Sprites_QBert_Letters_8.uasset" 20
"../../../../../../Users/nickm/Desktop/GBC/S4/Game Production/GAME2030_NW_QBert/Content/QBert/Letters/Arcade_-_QBert_-_General_Sprites_QBert_Letters_9.uasset" 21
"../../../../../../Users/nickm/Desktop/GBC/S4/Game Production/GAME2030_NW_QBert/Content/QBert/1DigitCounter.uasset" 22
"../../../../../../Users/nickm/Desktop/GBC/S4/Game Production/GAME2030_NW_QBert/Content/1DigitCounter.uasset" 23
"../../../../../../Users/nickm/Desktop/GBC/S4/Game Production/GAME2030_NW_QBert/Content/LevelCounter.uasset" 24
"../../../../../../Users/nickm/Desktop/GBC/S4/Game Production/GAME2030_NW_QBert/Content/QBert/4DigitCounter.uasset" 25
"../../../../../../Users/nickm/Desktop/GBC/S4/Game Production/GAME2030_NW_QBert/Content/4DigitCounter.uasset" 26
"../../../../../../Users/nickm/Desktop/GBC/S4/Game Production/GAME2030_NW_QBert/Content/SingleDigitCounter.uasset" 27
"../../../../../../Users/nickm/Desktop/GBC/S4/Game Production/GAME2030_NW_QBert/Content/ScoreCounter.uasset" 28
"../../../../../../Users/nickm/Desktop/GBC/S4/Game Production/GAME2030_NW_QBert/Content/2dSideScroller/Textures/2DBackgroundTile.uasset" 29
"../../../../../../Users/nickm/Desktop/GBC/S4/Game Production/GAME2030_NW_QBert/Content/2DSideScroller/Materials/PrototypingSpriteMaterial.uasset" 30
"../../../../../../Users/nickm/Desktop/GBC/S4/Game Production/GAME2030_NW_QBert/Content/2DSideScroller/Textures/2DBackground.uasset" 31
"../../../../../../Users/nickm/Desktop/GBC/S4/Game Production/GAME2030_NW_QBert/Content/2DSideScroller/Textures/2DBackgroundBlockAtlas.uasset" 32
"../../../../../../Users/nickm/Desktop/GBC/S4/Game Production/GAME2030_NW_QBert/Content/2DSideScroller/Textures/2DCharacter_IdleAnimAtlas.uasset" 33
"../../../../../../Users/nickm/Desktop/GBC/S4/Game Production/GAME2030_NW_QBert/Content/2DSideScroller/Textures/2DCharacter_RunAnimAtlas.uasset" 34
"../../../../../../Users/nickm/Desktop/GBC/S4/Game Production/GAME2030_NW_QBert/Content/2DSideScrollerBP/2DSideScrollerOverview.uasset" 35
"../../../../../../Users/nickm/Desktop/GBC/S4/Game Production/GAME2030_NW_QBert/Content/Assets/Background/Blue.uasset" 36
"../../../../../../Users/nickm/Desktop/GBC/S4/Game Production/GAME2030_NW_QBert/Content/Assets/Background/Brown.uasset" 37
"../../../../../../Users/nickm/Desktop/GBC/S4/Game Production/GAME2030_NW_QBert/Content/Assets/Background/Gray.uasset" 38
"../../../../../../Users/nickm/Desktop/GBC/S4/Game Production/GAME2030_NW_QBert/Content/Assets/Background/Green.uasset" 39
"../../../../../../Users/nickm/Desktop/GBC/S4/Game Production/GAME2030_NW_QBert/Content/Assets/Background/Pink.uasset" 40
"../../../../../../Users/nickm/Desktop/GBC/S4/Game Production/GAME2030_NW_QBert/Content/Assets/Background/Purple.uasset" 41
"../../../../../../Users/nickm/Desktop/GBC/S4/Game Production/GAME2030_NW_QBert/Content/Assets/Background/Yellow.uasset" 42
"../../../../../../Users/nickm/Desktop/GBC/S4/Game Production/GAME2030_NW_QBert/Content/Assets/Items/Boxes/Box1/Break__28x24_.uasset" 43
"../../../../../../Users/nickm/Desktop/GBC/S4/Game Production/GAME2030_NW_QBert/Content/Assets/Items/Boxes/Box1/Hit__28x24_.uasset" 44
"../../../../../../Users/nickm/Desktop/GBC/S4/Game Production/GAME2030_NW_QBert/Content/Assets/Items/Boxes/Box1/Idle.uasset" 45
"../../../../../../Users/nickm/Desktop/GBC/S4/Game Production/GAME2030_NW_QBert/Content/Assets/Items/Boxes/Box2/Break__28x24_.uasset" 46
"../../../../../../Users/nickm/Desktop/GBC/S4/Game Production/GAME2030_NW_QBert/Content/Assets/Items/Boxes/Box2/Hit__28x24_.uasset" 47
"../../../../../../Users/nickm/Desktop/GBC/S4/Game Production/GAME2030_NW_QBert/Content/Assets/Items/Boxes/Box2/Idle.uasset" 48
"../../../../../../Users/nickm/Desktop/GBC/S4/Game Production/GAME2030_NW_QBert/Content/Assets/Items/Boxes/Box3/Break__28x24_.uasset" 49
"../../../../../../Users/nickm/Desktop/GBC/S4/Game Production/GAME2030_NW_QBert/Content/Assets/Items/Boxes/Box3/Hit__28x24_.uasset" 50
"../../../../../../Users/nickm/Desktop/GBC/S4/Game Production/GAME2030_NW_QBert/Content/Assets/Items/Boxes/Box3/Idle.uasset" 51
"../../../../../../Users/nickm/Desktop/GBC/S4/Game Production/GAME2030_NW_QBert/Content/Assets/Items/Checkpoints/Checkpoint/Checkpoint__Flag_Idle__64x64_.uasset" 52
"../../../../../../Users/nickm/Desktop/GBC/S4/Game Production/GAME2030_NW_QBert/Content/Assets/Items/Checkpoints/Checkpoint/Checkpoint__Flag_Out___64x64_.uasset" 53
"../../../../../../Users/nickm/Desktop/GBC/S4/Game Production/GAME2030_NW_QBert/Content/Assets/Items/Checkpoints/Checkpoint/Checkpoint__No_Flag_.uasset" 54
"../../../../../../Users/nickm/Desktop/GBC/S4/Game Production/GAME2030_NW_QBert/Content/Assets/Items/Checkpoints/End/End__Idle_.uasset" 55
"../../../../../../Users/nickm/Desktop/GBC/S4/Game Production/GAME2030_NW_QBert/Content/Assets/Items/Checkpoints/End/End__Pressed___64x64_.uasset" 56
"../../../../../../Users/nickm/Desktop/GBC/S4/Game Production/GAME2030_NW_QBert/Content/Assets/Items/Checkpoints/Start/Start__Idle_.uasset" 57
"../../../../../../Users/nickm/Desktop/GBC/S4/Game Production/GAME2030_NW_QBert/Content/Assets/Items/Checkpoints/Start/Start__Moving___64x64_.uasset" 58
"../../../../../../Users/nickm/Desktop/GBC/S4/Game Production/GAME2030_NW_QBert/Content/Assets/Items/Fruits/Apple.uasset" 59
"../../../../../../Users/nickm/Desktop/GBC/S4/Game Production/GAME2030_NW_QBert/Content/Assets/Items/Fruits/Bananas.uasset" 60
"../../../../../../Users/nickm/Desktop/GBC/S4/Game Production/GAME2030_NW_QBert/Content/Assets/Items/Fruits/Cherries.uasset" 61
"../../../../../../Users/nickm/Desktop/GBC/S4/Game Production/GAME2030_NW_QBert/Content/Assets/Items/Fruits/Collected.uasset" 62
"../../../../../../Users/nickm/Desktop/GBC/S4/Game Production/GAME2030_NW_QBert/Content/Assets/Items/Fruits/Kiwi.uasset" 63
"../../../../../../Users/nickm/Desktop/GBC/S4/Game Production/GAME2030_NW_QBert/Content/Assets/Items/Fruits/Melon.uasset" 64
"../../../../../../Users/nickm/Desktop/GBC/S4/Game Production/GAME2030_NW_QBert/Content/Assets/Items/Fruits/Orange.uasset" 65
"../../../../../../Users/nickm/Desktop/GBC/S4/Game Production/GAME2030_NW_QBert/Content/Assets/Items/Fruits/Pineapple.uasset" 66
"../../../../../../Users/nickm/Desktop/GBC/S4/Game Production/GAME2030_NW_QBert/Content/Assets/Items/Fruits/Strawberry.uasset" 67
"../../../../../../Users/nickm/Desktop/GBC/S4/Game Production/GAME2030_NW_QBert/Content/Assets/Main_Characters/Appearing__96x96_.uasset" 68
"../../../../../../Users/nickm/Desktop/GBC/S4/Game Production/GAME2030_NW_QBert/Content/Assets/Main_Characters/Desappearing__96x96_.uasset" 69
"../../../../../../Users/nickm/Desktop/GBC/S4/Game Production/GAME2030_NW_QBert/Content/Assets/Main_Characters/Mask_Dude/Double_Jump__32x32_.uasset" 70
"../../../../../../Users/nickm/Desktop/GBC/S4/Game Production/GAME2030_NW_QBert/Content/Assets/Main_Characters/Mask_Dude/Fall__32x32_.uasset" 71
"../../../../../../Users/nickm/Desktop/GBC/S4/Game Production/GAME2030_NW_QBert/Content/Assets/Main_Characters/Mask_Dude/Hit__32x32_.uasset" 72
"../../../../../../Users/nickm/Desktop/GBC/S4/Game Production/GAME2030_NW_QBert/Content/Assets/Main_Characters/Mask_Dude/Idle__32x32_.uasset" 73
"../../../../../../Users/nickm/Desktop/GBC/S4/Game Production/GAME2030_NW_QBert/Content/Assets/Main_Characters/Mask_Dude/Jump__32x32_.uasset" 74
"../../../../../../Users/nickm/Desktop/GBC/S4/Game Production/GAME2030_NW_QBert/Content/Assets/Main_Characters/Mask_Dude/Run__32x32_.uasset" 75
"../../../../../../Users/nickm/Desktop/GBC/S4/Game Production/GAME2030_NW_QBert/Content/Assets/Main_Characters/Mask_Dude/Wall_Jump__32x32_.uasset" 76
"../../../../../../Users/nickm/Desktop/GBC/S4/Game Production/GAME2030_NW_QBert/Content/Assets/Main_Characters/Ninja_Frog/Double_Jump__32x32_.uasset" 77
"../../../../../../Users/nickm/Desktop/GBC/S4/Game Production/GAME2030_NW_QBert/Content/Assets/Main_Characters/Ninja_Frog/Fall__32x32_.uasset" 78
"../../../../../../Users/nickm/Desktop/GBC/S4/Game Production/GAME2030_NW_QBert/Content/Assets/Main_Characters/Ninja_Frog/Hit__32x32_.uasset" 79
"../../../../../../Users/nickm/Desktop/GBC/S4/Game Production/GAME2030_NW_QBert/Content/Assets/Main_Characters/Ninja_Frog/Idle__32x32_.uasset" 80
"../../../../../../Users/nickm/Desktop/GBC/S4/Game Production/GAME2030_NW_QBert/Content/Assets/Main_Characters/Ninja_Frog/Jump__32x32_.uasset" 81
"../../../../../../Users/nickm/Desktop/GBC/S4/Game Production/GAME2030_NW_QBert/Content/Assets/Main_Characters/Ninja_Frog/Run__32x32_.uasset" 82
"../../../../../../Users/nickm/Desktop/GBC/S4/Game Production/GAME2030_NW_QBert/Content/Assets/Main_Characters/Ninja_Frog/Wall_Jump__32x32_.uasset" 83
"../../../../../../Users/nickm/Desktop/GBC/S4/Game Production/GAME2030_NW_QBert/Content/Assets/Main_Characters/Pink_Man/Double_Jump__32x32_.uasset" 84
"../../../../../../Users/nickm/Desktop/GBC/S4/Game Production/GAME2030_NW_QBert/Content/Assets/Main_Characters/Pink_Man/Fall__32x32_.uasset" 85
"../../../../../../Users/nickm/Desktop/GBC/S4/Game Production/GAME2030_NW_QBert/Content/Assets/Main_Characters/Pink_Man/Hit__32x32_.uasset" 86
"../../../../../../Users/nickm/Desktop/GBC/S4/Game Production/GAME2030_NW_QBert/Content/Assets/Main_Characters/Pink_Man/Idle__32x32_.uasset" 87
"../../../../../../Users/nickm/Desktop/GBC/S4/Game Production/GAME2030_NW_QBert/Content/Assets/Main_Characters/Pink_Man/Jump__32x32_.uasset" 88
"../../../../../../Users/nickm/Desktop/GBC/S4/Game Production/GAME2030_NW_QBert/Content/Assets/Main_Characters/Pink_Man/Run__32x32_.uasset" 89
"../../../../../../Users/nickm/Desktop/GBC/S4/Game Production/GAME2030_NW_QBert/Content/Assets/Main_Characters/Pink_Man/Wall_Jump__32x32_.uasset" 90
"../../../../../../Users/nickm/Desktop/GBC/S4/Game Production/GAME2030_NW_QBert/Content/Assets/Main_Characters/Virtual_Guy/Double_Jump__32x32_.uasset" 91
"../../../../../../Users/nickm/Desktop/GBC/S4/Game Production/GAME2030_NW_QBert/Content/Assets/Main_Characters/Virtual_Guy/Double_Jump__32x32__Sprite_0.uasset" 92
"../../../../../../Users/nickm/Desktop/GBC/S4/Game Production/GAME2030_NW_QBert/Content/Assets/Main_Characters/Virtual_Guy/Double_Jump__32x32__Sprite_1.uasset" 93
"../../../../../../Users/nickm/Desktop/GBC/S4/Game Production/GAME2030_NW_QBert/Content/Assets/Main_Characters/Virtual_Guy/Double_Jump__32x32__Sprite_2.uasset" 94
"../../../../../../Users/nickm/Desktop/GBC/S4/Game Production/GAME2030_NW_QBert/Content/Assets/Main_Characters/Virtual_Guy/Double_Jump__32x32__Sprite_3.uasset" 95
"../../../../../../Users/nickm/Desktop/GBC/S4/Game Production/GAME2030_NW_QBert/Content/Assets/Main_Characters/Virtual_Guy/Double_Jump__32x32__Sprite_4.uasset" 96
"../../../../../../Users/nickm/Desktop/GBC/S4/Game Production/GAME2030_NW_QBert/Content/Assets/Main_Characters/Virtual_Guy/Double_Jump__32x32__Sprite_5.uasset" 97
"../../../../../../Users/nickm/Desktop/GBC/S4/Game Production/GAME2030_NW_QBert/Content/Assets/Main_Characters/Virtual_Guy/Fall__32x32_.uasset" 98
"../../../../../../Users/nickm/Desktop/GBC/S4/Game Production/GAME2030_NW_QBert/Content/Assets/Main_Characters/Virtual_Guy/Hit__32x32_.uasset" 99
"../../../../../../Users/nickm/Desktop/GBC/S4/Game Production/GAME2030_NW_QBert/Content/Assets/Main_Characters/Virtual_Guy/Idle__32x32_.uasset" 100
"../../../../../../Users/nickm/Desktop/GBC/S4/Game Production/GAME2030_NW_QBert/Content/Assets/Main_Characters/Virtual_Guy/Idle__32x32__Sprite_idle_0.uasset" 101
"../../../../../../Users/nickm/Desktop/GBC/S4/Game Production/GAME2030_NW_QBert/Content/Assets/Main_Characters/Virtual_Guy/Idle__32x32__Sprite_idle_1.uasset" 102
"../../../../../../Users/nickm/Desktop/GBC/S4/Game Production/GAME2030_NW_QBert/Content/Assets/Main_Characters/Virtual_Guy/Idle__32x32__Sprite_idle_10.uasset" 103
"../../../../../../Users/nickm/Desktop/GBC/S4/Game Production/GAME2030_NW_QBert/Content/Assets/Main_Characters/Virtual_Guy/Idle__32x32__Sprite_idle_2.uasset" 104
"../../../../../../Users/nickm/Desktop/GBC/S4/Game Production/GAME2030_NW_QBert/Content/Assets/Main_Characters/Virtual_Guy/Idle__32x32__Sprite_idle_3.uasset" 105
"../../../../../../Users/nickm/Desktop/GBC/S4/Game Production/GAME2030_NW_QBert/Content/Assets/Main_Characters/Virtual_Guy/Idle__32x32__Sprite_idle_4.uasset" 106
"../../../../../../Users/nickm/Desktop/GBC/S4/Game Production/GAME2030_NW_QBert/Content/Assets/Main_Characters/Virtual_Guy/Idle__32x32__Sprite_idle_5.uasset" 107
"../../../../../../Users/nickm/Desktop/GBC/S4/Game Production/GAME2030_NW_QBert/Content/Assets/Main_Characters/Virtual_Guy/Idle__32x32__Sprite_idle_6.uasset" 108
"../../../../../../Users/nickm/Desktop/GBC/S4/Game Production/GAME2030_NW_QBert/Content/Assets/Main_Characters/Virtual_Guy/Idle__32x32__Sprite_idle_7.uasset" 109
"../../../../../../Users/nickm/Desktop/GBC/S4/Game Production/GAME2030_NW_QBert/Content/Assets/Main_Characters/Virtual_Guy/Idle__32x32__Sprite_idle_8.uasset" 110
"../../../../../../Users/nickm/Desktop/GBC/S4/Game Production/GAME2030_NW_QBert/Content/Assets/Main_Characters/Virtual_Guy/Idle__32x32__Sprite_idle_9.uasset" 111
"../../../../../../Users/nickm/Desktop/GBC/S4/Game Production/GAME2030_NW_QBert/Content/Assets/Main_Characters/Virtual_Guy/Jump__32x32_.uasset" 112
"../../../../../../Users/nickm/Desktop/GBC/S4/Game Production/GAME2030_NW_QBert/Content/Assets/Main_Characters/Virtual_Guy/Run__32x32_.uasset" 113
"../../../../../../Users/nickm/Desktop/GBC/S4/Game Production/GAME2030_NW_QBert/Content/Assets/Main_Characters/Virtual_Guy/Run__32x32__Sprite_0.uasset" 114
"../../../../../../Users/nickm/Desktop/GBC/S4/Game Production/GAME2030_NW_QBert/Content/Assets/Main_Characters/Virtual_Guy/Run__32x32__Sprite_1.uasset" 115
"../../../../../../Users/nickm/Desktop/GBC/S4/Game Production/GAME2030_NW_QBert/Content/Assets/Main_Characters/Virtual_Guy/Run__32x32__Sprite_10.uasset" 116
"../../../../../../Users/nickm/Desktop/GBC/S4/Game Production/GAME2030_NW_QBert/Content/Assets/Main_Characters/Virtual_Guy/Run__32x32__Sprite_11.uasset" 117
"../../../../../../Users/nickm/Desktop/GBC/S4/Game Production/GAME2030_NW_QBert/Content/Assets/Main_Characters/Virtual_Guy/Run__32x32__Sprite_2.uasset" 118
"../../../../../../Users/nickm/Desktop/GBC/S4/Game Production/GAME2030_NW_QBert/Content/Assets/Main_Characters/Virtual_Guy/Run__32x32__Sprite_3.uasset" 119
"../../../../../../Users/nickm/Desktop/GBC/S4/Game Production/GAME2030_NW_QBert/Content/Assets/Main_Characters/Virtual_Guy/Run__32x32__Sprite_4.uasset" 120
"../../../../../../Users/nickm/Desktop/GBC/S4/Game Production/GAME2030_NW_QBert/Content/Assets/Main_Characters/Virtual_Guy/Run__32x32__Sprite_5.uasset" 121
"../../../../../../Users/nickm/Desktop/GBC/S4/Game Production/GAME2030_NW_QBert/Content/Assets/Main_Characters/Virtual_Guy/Run__32x32__Sprite_6.uasset" 122
"../../../../../../Users/nickm/Desktop/GBC/S4/Game Production/GAME2030_NW_QBert/Content/Assets/Main_Characters/Virtual_Guy/Run__32x32__Sprite_7.uasset" 123
"../../../../../../Users/nickm/Desktop/GBC/S4/Game Production/GAME2030_NW_QBert/Content/Assets/Main_Characters/Virtual_Guy/Run__32x32__Sprite_8.uasset" 124
"../../../../../../Users/nickm/Desktop/GBC/S4/Game Production/GAME2030_NW_QBert/Content/Assets/Main_Characters/Virtual_Guy/Run__32x32__Sprite_9.uasset" 125
"../../../../../../Users/nickm/Desktop/GBC/S4/Game Production/GAME2030_NW_QBert/Content/Assets/Main_Characters/Virtual_Guy/Wall_Jump__32x32_.uasset" 126
"../../../../../../Users/nickm/Desktop/GBC/S4/Game Production/GAME2030_NW_QBert/Content/Assets/Other/Confetti__16x16_.uasset" 127
"../../../../../../Users/nickm/Desktop/GBC/S4/Game Production/GAME2030_NW_QBert/Content/Assets/Other/Dust_Particle.uasset" 128
"../../../../../../Users/nickm/Desktop/GBC/S4/Game Production/GAME2030_NW_QBert/Content/Assets/Other/Shadow.uasset" 129
"../../../../../../Users/nickm/Desktop/GBC/S4/Game Production/GAME2030_NW_QBert/Content/Assets/Other/Transition.uasset" 130
"../../../../../../Users/nickm/Desktop/GBC/S4/Game Production/GAME2030_NW_QBert/Content/Assets/Terrain/Terrain_Sliced__16x16_.uasset" 131
"../../../../../../Users/nickm/Desktop/GBC/S4/Game Production/GAME2030_NW_QBert/Content/Assets/Terrain/Terrain__16x16__1.uasset" 132
"../../../../../../Users/nickm/Desktop/GBC/S4/Game Production/GAME2030_NW_QBert/Content/Assets/Traps/Arrow/Hit__18x18_.uasset" 133
"../../../../../../Users/nickm/Desktop/GBC/S4/Game Production/GAME2030_NW_QBert/Content/Assets/Traps/Arrow/Idle__18x18_.uasset" 134
"../../../../../../Users/nickm/Desktop/GBC/S4/Game Production/GAME2030_NW_QBert/Content/Assets/Traps/Blocks/HitSide__22x22_.uasset" 135
"../../../../../../Users/nickm/Desktop/GBC/S4/Game Production/GAME2030_NW_QBert/Content/Assets/Traps/Blocks/HitTop__22x22_.uasset" 136
"../../../../../../Users/nickm/Desktop/GBC/S4/Game Production/GAME2030_NW_QBert/Content/Assets/Traps/Blocks/Idle.uasset" 137
"../../../../../../Users/nickm/Desktop/GBC/S4/Game Production/GAME2030_NW_QBert/Content/Assets/Traps/Blocks/Part_1__22x22_.uasset" 138
"../../../../../../Users/nickm/Desktop/GBC/S4/Game Production/GAME2030_NW_QBert/Content/Assets/Traps/Blocks/Part_2__22x22_.uasset" 139
"../../../../../../Users/nickm/Desktop/GBC/S4/Game Production/GAME2030_NW_QBert/Content/Assets/Traps/Falling_Platforms/Off.uasset" 140
"../../../../../../Users/nickm/Desktop/GBC/S4/Game Production/GAME2030_NW_QBert/Content/Assets/Traps/Falling_Platforms/On__32x10_.uasset" 141
"../../../../../../Users/nickm/Desktop/GBC/S4/Game Production/GAME2030_NW_QBert/Content/Assets/Traps/Fan/Off.uasset" 142
"../../../../../../Users/nickm/Desktop/GBC/S4/Game Production/GAME2030_NW_QBert/Content/Assets/Traps/Fan/On__24x8_.uasset" 143
"../../../../../../Users/nickm/Desktop/GBC/S4/Game Production/GAME2030_NW_QBert/Content/Assets/Traps/Fire/Hit__16x32_.uasset" 144
"../../../../../../Users/nickm/Desktop/GBC/S4/Game Production/GAME2030_NW_QBert/Content/Assets/Traps/Fire/Off.uasset" 145
"../../../../../../Users/nickm/Desktop/GBC/S4/Game Production/GAME2030_NW_QBert/Content/Assets/Traps/Fire/On__16x32_.uasset" 146
"../../../../../../Users/nickm/Desktop/GBC/S4/Game Production/GAME2030_NW_QBert/Content/Assets/Traps/Platforms/Brown_Off.uasset" 147
"../../../../../../Users/nickm/Desktop/GBC/S4/Game Production/GAME2030_NW_QBert/Content/Assets/Traps/Platforms/Brown_On__32x8_.uasset" 148
"../../../../../../Users/nickm/Desktop/GBC/S4/Game Production/GAME2030_NW_QBert/Content/Assets/Traps/Platforms/Chain.uasset" 149
"../../../../../../Users/nickm/Desktop/GBC/S4/Game Production/GAME2030_NW_QBert/Content/Assets/Traps/Platforms/Grey_Off.uasset" 150
"../../../../../../Users/nickm/Desktop/GBC/S4/Game Production/GAME2030_NW_QBert/Content/Assets/Traps/Platforms/Grey_On__32x8_.uasset" 151
"../../../../../../Users/nickm/Desktop/GBC/S4/Game Production/GAME2030_NW_QBert/Content/Assets/Traps/Rock_Head/Blink__42x42_.uasset" 152
"../../../../../../Users/nickm/Desktop/GBC/S4/Game Production/GAME2030_NW_QBert/Content/Assets/Traps/Rock_Head/Bottom_Hit__42x42_.uasset" 153
"../../../../../../Users/nickm/Desktop/GBC/S4/Game Production/GAME2030_NW_QBert/Content/Assets/Traps/Rock_Head/Idle.uasset" 154
"../../../../../../Users/nickm/Desktop/GBC/S4/Game Production/GAME2030_NW_QBert/Content/Assets/Traps/Rock_Head/Left_Hit__42x42_.uasset" 155
"../../../../../../Users/nickm/Desktop/GBC/S4/Game Production/GAME2030_NW_QBert/Content/Assets/Traps/Rock_Head/Right_Hit__42x42_.uasset" 156
"../../../../../../Users/nickm/Desktop/GBC/S4/Game Production/GAME2030_NW_QBert/Content/Assets/Traps/Rock_Head/Top_Hit__42x42_.uasset" 157
"../../../../../../Users/nickm/Desktop/GBC/S4/Game Production/GAME2030_NW_QBert/Content/Assets/Traps/Sand_Mud_Ice/Ice_Particle.uasset" 158
"../../../../../../Users/nickm/Desktop/GBC/S4/Game Production/GAME2030_NW_QBert/Content/Assets/Traps/Sand_Mud_Ice/Mud_Particle.uasset" 159
"../../../../../../Users/nickm/Desktop/GBC/S4/Game Production/GAME2030_NW_QBert/Content/Assets/Traps/Sand_Mud_Ice/Sand_Mud_Ice_Sliced__16x6_.uasset" 160
"../../../../../../Users/nickm/Desktop/GBC/S4/Game Production/GAME2030_NW_QBert/Content/Assets/Traps/Sand_Mud_Ice/Sand_Mud_Ice__16x6__1.uasset" 161
"../../../../../../Users/nickm/Desktop/GBC/S4/Game Production/GAME2030_NW_QBert/Content/Assets/Traps/Sand_Mud_Ice/Sand_Particle.uasset" 162
"../../../../../../Users/nickm/Desktop/GBC/S4/Game Production/GAME2030_NW_QBert/Content/Assets/Traps/Saw/Chain.uasset" 163
"../../../../../../Users/nickm/Desktop/GBC/S4/Game Production/GAME2030_NW_QBert/Content/Assets/Traps/Saw/Off.uasset" 164
"../../../../../../Users/nickm/Desktop/GBC/S4/Game Production/GAME2030_NW_QBert/Content/Assets/Traps/Saw/On__38x38_.uasset" 165
"../../../../../../Users/nickm/Desktop/GBC/S4/Game Production/GAME2030_NW_QBert/Content/Assets/Traps/Spiked_Ball/Chain.uasset" 166
"../../../../../../Users/nickm/Desktop/GBC/S4/Game Production/GAME2030_NW_QBert/Content/Assets/Traps/Spiked_Ball/Spiked_Ball.uasset" 167
"../../../../../../Users/nickm/Desktop/GBC/S4/Game Production/GAME2030_NW_QBert/Content/Assets/Traps/Spikes/Idle.uasset" 168
"../../../../../../Users/nickm/Desktop/GBC/S4/Game Production/GAME2030_NW_QBert/Content/Assets/Traps/Spike_Head/Blink__54x52_.uasset" 169
"../../../../../../Users/nickm/Desktop/GBC/S4/Game Production/GAME2030_NW_QBert/Content/Assets/Traps/Spike_Head/Bottom_Hit__54x52_.uasset" 170
"../../../../../../Users/nickm/Desktop/GBC/S4/Game Production/GAME2030_NW_QBert/Content/Assets/Traps/Spike_Head/Idle.uasset" 171
"../../../../../../Users/nickm/Desktop/GBC/S4/Game Production/GAME2030_NW_QBert/Content/Assets/Traps/Spike_Head/Left_Hit__54x52_.uasset" 172
"../../../../../../Users/nickm/Desktop/GBC/S4/Game Production/GAME2030_NW_QBert/Content/Assets/Traps/Spike_Head/Right_Hit__54x52_.uasset" 173
"../../../../../../Users/nickm/Desktop/GBC/S4/Game Production/GAME2030_NW_QBert/Content/Assets/Traps/Spike_Head/Top_Hit__54x52_.uasset" 174
"../../../../../../Users/nickm/Desktop/GBC/S4/Game Production/GAME2030_NW_QBert/Content/Assets/Traps/Trampoline/Idle.uasset" 175
"../../../../../../Users/nickm/Desktop/GBC/S4/Game Production/GAME2030_NW_QBert/Content/Assets/Traps/Trampoline/Jump__28x28_.uasset" 176
"../../../../../../Users/nickm/Desktop/GBC/S4/Game Production/GAME2030_NW_QBert/Content/audio/cannon_x.uasset" 177
"../../../../../../Users/nickm/Desktop/GBC/S4/Game Production/GAME2030_NW_QBert/Content/audio/death.uasset" 178
"../../../../../../Users/nickm/Desktop/GBC/S4/Game Production/GAME2030_NW_QBert/Content/audio/engine.uasset" 179
"../../../../../../Users/nickm/Desktop/GBC/S4/Game Production/GAME2030_NW_QBert/Content/audio/fizzleOrCollision.uasset" 180
"../../../../../../Users/nickm/Desktop/GBC/S4/Game Production/GAME2030_NW_QBert/Content/audio/headBash.uasset" 181
"../../../../../../Users/nickm/Desktop/GBC/S4/Game Production/GAME2030_NW_QBert/Content/audio/NewSoundAttenuation.uasset" 182
"../../../../../../Users/nickm/Desktop/GBC/S4/Game Production/GAME2030_NW_QBert/Content/audio/NewSoundCue.uasset" 183
"../../../../../../Users/nickm/Desktop/GBC/S4/Game Production/GAME2030_NW_QBert/Content/audio/thunder.uasset" 184
"../../../../../../Users/nickm/Desktop/GBC/S4/Game Production/GAME2030_NW_QBert/Content/audio/yay.uasset" 185
"../../../../../../Users/nickm/Desktop/GBC/S4/Game Production/GAME2030_NW_QBert/Content/QBert/LoadingScreenTIleMap.uasset" 186
"../../../../../../Users/nickm/Desktop/GBC/S4/Game Production/GAME2030_NW_QBert/Content/QBert/StartScreenTileMap.uasset" 187
"../../../../../../Users/nickm/Desktop/GBC/S4/Game Production/GAME2030_NW_QBert/Content/QBert/Blue_Tiles/Arcade_-_QBert_-_General_Sprites.uasset" 188
"../../../../../../Users/nickm/Desktop/GBC/S4/Game Production/GAME2030_NW_QBert/Content/QBert/Blue_Tiles/Arcade_-_QBert_-_General_Sprites_Blue_Tiles_0.uasset" 189
"../../../../../../Users/nickm/Desktop/GBC/S4/Game Production/GAME2030_NW_QBert/Content/QBert/Blue_Tiles/Arcade_-_QBert_-_General_Sprites_Blue_Tiles_1.uasset" 190
"../../../../../../Users/nickm/Desktop/GBC/S4/Game Production/GAME2030_NW_QBert/Content/QBert/Blue_Tiles/Arcade_-_QBert_-_General_Sprites_Blue_Tiles_10.uasset" 191
"../../../../../../Users/nickm/Desktop/GBC/S4/Game Production/GAME2030_NW_QBert/Content/QBert/Blue_Tiles/Arcade_-_QBert_-_General_Sprites_Blue_Tiles_11.uasset" 192
"../../../../../../Users/nickm/Desktop/GBC/S4/Game Production/GAME2030_NW_QBert/Content/QBert/Blue_Tiles/Arcade_-_QBert_-_General_Sprites_Blue_Tiles_3.uasset" 193
"../../../../../../Users/nickm/Desktop/GBC/S4/Game Production/GAME2030_NW_QBert/Content/QBert/Blue_Tiles/Arcade_-_QBert_-_General_Sprites_Blue_Tiles_5.uasset" 194
"../../../../../../Users/nickm/Desktop/GBC/S4/Game Production/GAME2030_NW_QBert/Content/QBert/Blue_Tiles/Arcade_-_QBert_-_General_Sprites_Blue_Tiles_6.uasset" 195
"../../../../../../Users/nickm/Desktop/GBC/S4/Game Production/GAME2030_NW_QBert/Content/QBert/Blue_Tiles/Arcade_-_QBert_-_General_Sprites_Blue_Tiles_7.uasset" 196
"../../../../../../Users/nickm/Desktop/GBC/S4/Game Production/GAME2030_NW_QBert/Content/QBert/Blue_Tiles/Arcade_-_QBert_-_General_Sprites_Blue_Tiles_8.uasset" 197
"../../../../../../Users/nickm/Desktop/GBC/S4/Game Production/GAME2030_NW_QBert/Content/QBert/Blue_Tiles/Arcade_-_QBert_-_General_Sprites_Blue_Tiles_9.uasset" 198
"../../../../../../Users/nickm/Desktop/GBC/S4/Game Production/GAME2030_NW_QBert/Content/QBert/Blue_Tiles/Arcade_-_QBert_-_General_Sprites_Blue_Tiles_Teleporters_4.uasset" 199
"../../../../../../Users/nickm/Desktop/GBC/S4/Game Production/GAME2030_NW_QBert/Content/QBert/Blue_Tiles/Arcade_-_QBert_-_General_Sprites_Blue_Tiles_Teleporters_5.uasset" 200
"../../../../../../Users/nickm/Desktop/GBC/S4/Game Production/GAME2030_NW_QBert/Content/QBert/Blue_Tiles/Arcade_-_QBert_-_General_Sprites_Blue_Tiles_Teleporters_6.uasset" 201
"../../../../../../Users/nickm/Desktop/GBC/S4/Game Production/GAME2030_NW_QBert/Content/QBert/Blue_Tiles/Arcade_-_QBert_-_General_Sprites_Blue_Tiles_Teleporters_7.uasset" 202
"../../../../../../Users/nickm/Desktop/GBC/S4/Game Production/GAME2030_NW_QBert/Content/QBert/Blue_Tiles/Arcade_-_QBert_-_General_Sprites_Blue_Tiles_Teleporters_8.uasset" 203
"../../../../../../Users/nickm/Desktop/GBC/S4/Game Production/GAME2030_NW_QBert/Content/QBert/Blue_Tiles/Arcade_-_QBert_-_General_Sprites_Blue_Tiles_Teleporters_9.uasset" 204
"../../../../../../Users/nickm/Desktop/GBC/S4/Game Production/GAME2030_NW_QBert/Content/QBert/Blue_Tiles/Arcade_-_QBert_-_General_Sprites_Blue_Tiles_UI_0.uasset" 205
"../../../../../../Users/nickm/Desktop/GBC/S4/Game Production/GAME2030_NW_QBert/Content/QBert/Blue_Tiles/Arcade_-_QBert_-_General_Sprites_Blue_Tiles_UI_4.uasset" 206
"../../../../../../Users/nickm/Desktop/GBC/S4/Game Production/GAME2030_NW_QBert/Content/QBert/Characters/Arcade_-_QBert_-_General_Sprites_Characters_48.uasset" 207
"../../../../../../Users/nickm/Desktop/GBC/S4/Game Production/GAME2030_NW_QBert/Content/QBert/Characters/Arcade_-_QBert_-_General_Sprites_Characters_49.uasset" 208
"../../../../../../Users/nickm/Desktop/GBC/S4/Game Production/GAME2030_NW_QBert/Content/QBert/Characters/Arcade_-_QBert_-_General_Sprites_Characters_50.uasset" 209
"../../../../../../Users/nickm/Desktop/GBC/S4/Game Production/GAME2030_NW_QBert/Content/QBert/Characters/Arcade_-_QBert_-_General_Sprites_Characters_51.uasset" 210
"../../../../../../Users/nickm/Desktop/GBC/S4/Game Production/GAME2030_NW_QBert/Content/QBert/Characters/Arcade_-_QBert_-_General_Sprites_Characters_52.uasset" 211
"../../../../../../Users/nickm/Desktop/GBC/S4/Game Production/GAME2030_NW_QBert/Content/QBert/Characters/Arcade_-_QBert_-_General_Sprites_Characters_53.uasset" 212
"../../../../../../Users/nickm/Desktop/GBC/S4/Game Production/GAME2030_NW_QBert/Content/QBert/Characters/Arcade_-_QBert_-_General_Sprites_Characters_54.uasset" 213
"../../../../../../Users/nickm/Desktop/GBC/S4/Game Production/GAME2030_NW_QBert/Content/QBert/Characters/Arcade_-_QBert_-_General_Sprites_Characters_55.uasset" 214
"../../../../../../Users/nickm/Desktop/GBC/S4/Game Production/GAME2030_NW_QBert/Content/QBert/Characters/Arcade_-_QBert_-_General_Sprites_Characters_56.uasset" 215
"../../../../../../Users/nickm/Desktop/GBC/S4/Game Production/GAME2030_NW_QBert/Content/QBert/Characters/Arcade_-_QBert_-_General_Sprites_Characters_57.uasset" 216
"../../../../../../Users/nickm/Desktop/GBC/S4/Game Production/GAME2030_NW_QBert/Content/QBert/Characters/Arcade_-_QBert_-_General_Sprites_Characters_58.uasset" 217
"../../../../../../Users/nickm/Desktop/GBC/S4/Game Production/GAME2030_NW_QBert/Content/QBert/Characters/Arcade_-_QBert_-_General_Sprites_Characters_59.uasset" 218
"../../../../../../Users/nickm/Desktop/GBC/S4/Game Production/GAME2030_NW_QBert/Content/QBert/Characters/Arcade_-_QBert_-_General_Sprites_Characters_60.uasset" 219
"../../../../../../Users/nickm/Desktop/GBC/S4/Game Production/GAME2030_NW_QBert/Content/QBert/Characters/Arcade_-_QBert_-_General_Sprites_Characters_61.uasset" 220
"../../../../../../Users/nickm/Desktop/GBC/S4/Game Production/GAME2030_NW_QBert/Content/QBert/Characters/Arcade_-_QBert_-_General_Sprites_Characters_62.uasset" 221
"../../../../../../Users/nickm/Desktop/GBC/S4/Game Production/GAME2030_NW_QBert/Content/QBert/Characters/Arcade_-_QBert_-_General_Sprites_Characters_63.uasset" 222
"../../../../../../Users/nickm/Desktop/GBC/S4/Game Production/GAME2030_NW_QBert/Content/QBert/Characters/Arcade_-_QBert_-_General_Sprites_Characters_64.uasset" 223
"../../../../../../Users/nickm/Desktop/GBC/S4/Game Production/GAME2030_NW_QBert/Content/QBert/Characters/Arcade_-_QBert_-_General_Sprites_Characters_65.uasset" 224
"../../../../../../Users/nickm/Desktop/GBC/S4/Game Production/GAME2030_NW_QBert/Content/QBert/Characters/Arcade_-_QBert_-_General_Sprites_Characters_66.uasset" 225
"../../../../../../Users/nickm/Desktop/GBC/S4/Game Production/GAME2030_NW_QBert/Content/QBert/Characters/Arcade_-_QBert_-_General_Sprites_Characters_67.uasset" 226
"../../../../../../Users/nickm/Desktop/GBC/S4/Game Production/GAME2030_NW_QBert/Content/QBert/Characters/Arcade_-_QBert_-_General_Sprites_Characters_68.uasset" 227
"../../../../../../Users/nickm/Desktop/GBC/S4/Game Production/GAME2030_NW_QBert/Content/QBert/Characters/Arcade_-_QBert_-_General_Sprites_Characters_69.uasset" 228
"../../../../../../Users/nickm/Desktop/GBC/S4/Game Production/GAME2030_NW_QBert/Content/QBert/Characters/Arcade_-_QBert_-_General_Sprites_Characters_70.uasset" 229
"../../../../../../Users/nickm/Desktop/GBC/S4/Game Production/GAME2030_NW_QBert/Content/QBert/Characters/Arcade_-_QBert_-_General_Sprites_Characters_71.uasset" 230
"../../../../../../Users/nickm/Desktop/GBC/S4/Game Production/GAME2030_NW_QBert/Content/QBert/Characters/Arcade_-_QBert_-_General_Sprites_Characters_72.uasset" 231
"../../../../../../Users/nickm/Desktop/GBC/S4/Game Production/GAME2030_NW_QBert/Content/QBert/Characters/Arcade_-_QBert_-_General_Sprites_Characters_73.uasset" 232
"../../../../../../Users/nickm/Desktop/GBC/S4/Game Production/GAME2030_NW_QBert/Content/QBert/Characters/Arcade_-_QBert_-_General_Sprites_Characters_74.uasset" 233
"../../../../../../Users/nickm/Desktop/GBC/S4/Game Production/GAME2030_NW_QBert/Content/QBert/Characters/Arcade_-_QBert_-_General_Sprites_Characters_75.uasset" 234
"../../../../../../Users/nickm/Desktop/GBC/S4/Game Production/GAME2030_NW_QBert/Content/QBert/Characters/Arcade_-_QBert_-_General_Sprites_Characters_76.uasset" 235
"../../../../../../Users/nickm/Desktop/GBC/S4/Game Production/GAME2030_NW_QBert/Content/QBert/Characters/Arcade_-_QBert_-_General_Sprites_Characters_77.uasset" 236
"../../../../../../Users/nickm/Desktop/GBC/S4/Game Production/GAME2030_NW_QBert/Content/QBert/Characters/Arcade_-_QBert_-_General_Sprites_Characters_78.uasset" 237
"../../../../../../Users/nickm/Desktop/GBC/S4/Game Production/GAME2030_NW_QBert/Content/QBert/Characters/Arcade_-_QBert_-_General_Sprites_Characters_79.uasset" 238
"../../../../../../Users/nickm/Desktop/GBC/S4/Game Production/GAME2030_NW_QBert/Content/QBert/Letters/Arcade_-_QBert_-_General_Sprites_QBert_Letters_10.uasset" 239
"../../../../../../Users/nickm/Desktop/GBC/S4/Game Production/GAME2030_NW_QBert/Content/QBert/Letters/Arcade_-_QBert_-_General_Sprites_QBert_Letters_100.uasset" 240
"../../../../../../Users/nickm/Desktop/GBC/S4/Game Production/GAME2030_NW_QBert/Content/QBert/Letters/Arcade_-_QBert_-_General_Sprites_QBert_Letters_101.uasset" 241
"../../../../../../Users/nickm/Desktop/GBC/S4/Game Production/GAME2030_NW_QBert/Content/QBert/Letters/Arcade_-_QBert_-_General_Sprites_QBert_Letters_102.uasset" 242
"../../../../../../Users/nickm/Desktop/GBC/S4/Game Production/GAME2030_NW_QBert/Content/QBert/Letters/Arcade_-_QBert_-_General_Sprites_QBert_Letters_103.uasset" 243
"../../../../../../Users/nickm/Desktop/GBC/S4/Game Production/GAME2030_NW_QBert/Content/QBert/Letters/Arcade_-_QBert_-_General_Sprites_QBert_Letters_104.uasset" 244
"../../../../../../Users/nickm/Desktop/GBC/S4/Game Production/GAME2030_NW_QBert/Content/QBert/Letters/Arcade_-_QBert_-_General_Sprites_QBert_Letters_105.uasset" 245
"../../../../../../Users/nickm/Desktop/GBC/S4/Game Production/GAME2030_NW_QBert/Content/QBert/Letters/Arcade_-_QBert_-_General_Sprites_QBert_Letters_106.uasset" 246
"../../../../../../Users/nickm/Desktop/GBC/S4/Game Production/GAME2030_NW_QBert/Content/QBert/Letters/Arcade_-_QBert_-_General_Sprites_QBert_Letters_107.uasset" 247
"../../../../../../Users/nickm/Desktop/GBC/S4/Game Production/GAME2030_NW_QBert/Content/QBert/Letters/Arcade_-_QBert_-_General_Sprites_QBert_Letters_108.uasset" 248
"../../../../../../Users/nickm/Desktop/GBC/S4/Game Production/GAME2030_NW_QBert/Content/QBert/Letters/Arcade_-_QBert_-_General_Sprites_QBert_Letters_109.uasset" 249
"../../../../../../Users/nickm/Desktop/GBC/S4/Game Production/GAME2030_NW_QBert/Content/QBert/Letters/Arcade_-_QBert_-_General_Sprites_QBert_Letters_11.uasset" 250
"../../../../../../Users/nickm/Desktop/GBC/S4/Game Production/GAME2030_NW_QBert/Content/QBert/Letters/Arcade_-_QBert_-_General_Sprites_QBert_Letters_110.uasset" 251
"../../../../../../Users/nickm/Desktop/GBC/S4/Game Production/GAME2030_NW_QBert/Content/QBert/Letters/Arcade_-_QBert_-_General_Sprites_QBert_Letters_111.uasset" 252
"../../../../../../Users/nickm/Desktop/GBC/S4/Game Production/GAME2030_NW_QBert/Content/QBert/Letters/Arcade_-_QBert_-_General_Sprites_QBert_Letters_112.uasset" 253
"../../../../../../Users/nickm/Desktop/GBC/S4/Game Production/GAME2030_NW_QBert/Content/QBert/Letters/Arcade_-_QBert_-_General_Sprites_QBert_Letters_113.uasset" 254
"../../../../../../Users/nickm/Desktop/GBC/S4/Game Production/GAME2030_NW_QBert/Content/QBert/Letters/Arcade_-_QBert_-_General_Sprites_QBert_Letters_114.uasset" 255
"../../../../../../Users/nickm/Desktop/GBC/S4/Game Production/GAME2030_NW_QBert/Content/QBert/Letters/Arcade_-_QBert_-_General_Sprites_QBert_Letters_115.uasset" 256
"../../../../../../Users/nickm/Desktop/GBC/S4/Game Production/GAME2030_NW_QBert/Content/QBert/Letters/Arcade_-_QBert_-_General_Sprites_QBert_Letters_116.uasset" 257
"../../../../../../Users/nickm/Desktop/GBC/S4/Game Production/GAME2030_NW_QBert/Content/QBert/Letters/Arcade_-_QBert_-_General_Sprites_QBert_Letters_117.uasset" 258
"../../../../../../Users/nickm/Desktop/GBC/S4/Game Production/GAME2030_NW_QBert/Content/QBert/Letters/Arcade_-_QBert_-_General_Sprites_QBert_Letters_118.uasset" 259
"../../../../../../Users/nickm/Desktop/GBC/S4/Game Production/GAME2030_NW_QBert/Content/QBert/Letters/Arcade_-_QBert_-_General_Sprites_QBert_Letters_119.uasset" 260
"../../../../../../Users/nickm/Desktop/GBC/S4/Game Production/GAME2030_NW_QBert/Content/QBert/Letters/Arcade_-_QBert_-_General_Sprites_QBert_Letters_12.uasset" 261
"../../../../../../Users/nickm/Desktop/GBC/S4/Game Production/GAME2030_NW_QBert/Content/QBert/Letters/Arcade_-_QBert_-_General_Sprites_QBert_Letters_120.uasset" 262
"../../../../../../Users/nickm/Desktop/GBC/S4/Game Production/GAME2030_NW_QBert/Content/QBert/Letters/Arcade_-_QBert_-_General_Sprites_QBert_Letters_121.uasset" 263
"../../../../../../Users/nickm/Desktop/GBC/S4/Game Production/GAME2030_NW_QBert/Content/QBert/Letters/Arcade_-_QBert_-_General_Sprites_QBert_Letters_122.uasset" 264
"../../../../../../Users/nickm/Desktop/GBC/S4/Game Production/GAME2030_NW_QBert/Content/QBert/Letters/Arcade_-_QBert_-_General_Sprites_QBert_Letters_123.uasset" 265
"../../../../../../Users/nickm/Desktop/GBC/S4/Game Production/GAME2030_NW_QBert/Content/QBert/Letters/Arcade_-_QBert_-_General_Sprites_QBert_Letters_124.uasset" 266
"../../../../../../Users/nickm/Desktop/GBC/S4/Game Production/GAME2030_NW_QBert/Content/QBert/Letters/Arcade_-_QBert_-_General_Sprites_QBert_Letters_125.uasset" 267
"../../../../../../Users/nickm/Desktop/GBC/S4/Game Production/GAME2030_NW_QBert/Content/QBert/Letters/Arcade_-_QBert_-_General_Sprites_QBert_Letters_126.uasset" 268
"../../../../../../Users/nickm/Desktop/GBC/S4/Game Production/GAME2030_NW_QBert/Content/QBert/Letters/Arcade_-_QBert_-_General_Sprites_QBert_Letters_127.uasset" 269
"../../../../../../Users/nickm/Desktop/GBC/S4/Game Production/GAME2030_NW_QBert/Content/QBert/Letters/Arcade_-_QBert_-_General_Sprites_QBert_Letters_128.uasset" 270
"../../../../../../Users/nickm/Desktop/GBC/S4/Game Production/GAME2030_NW_QBert/Content/QBert/Letters/Arcade_-_QBert_-_General_Sprites_QBert_Letters_129.uasset" 271
"../../../../../../Users/nickm/Desktop/GBC/S4/Game Production/GAME2030_NW_QBert/Content/QBert/Letters/Arcade_-_QBert_-_General_Sprites_QBert_Letters_13.uasset" 272
"../../../../../../Users/nickm/Desktop/GBC/S4/Game Production/GAME2030_NW_QBert/Content/QBert/Letters/Arcade_-_QBert_-_General_Sprites_QBert_Letters_130.uasset" 273
"../../../../../../Users/nickm/Desktop/GBC/S4/Game Production/GAME2030_NW_QBert/Content/QBert/Letters/Arcade_-_QBert_-_General_Sprites_QBert_Letters_131.uasset" 274
"../../../../../../Users/nickm/Desktop/GBC/S4/Game Production/GAME2030_NW_QBert/Content/QBert/Letters/Arcade_-_QBert_-_General_Sprites_QBert_Letters_132.uasset" 275
"../../../../../../Users/nickm/Desktop/GBC/S4/Game Production/GAME2030_NW_QBert/Content/QBert/Letters/Arcade_-_QBert_-_General_Sprites_QBert_Letters_133.uasset" 276
"../../../../../../Users/nickm/Desktop/GBC/S4/Game Production/GAME2030_NW_QBert/Content/QBert/Letters/Arcade_-_QBert_-_General_Sprites_QBert_Letters_134.uasset" 277
"../../../../../../Users/nickm/Desktop/GBC/S4/Game Production/GAME2030_NW_QBert/Content/QBert/Letters/Arcade_-_QBert_-_General_Sprites_QBert_Letters_135.uasset" 278
"../../../../../../Users/nickm/Desktop/GBC/S4/Game Production/GAME2030_NW_QBert/Content/QBert/Letters/Arcade_-_QBert_-_General_Sprites_QBert_Letters_136.uasset" 279
"../../../../../../Users/nickm/Desktop/GBC/S4/Game Production/GAME2030_NW_QBert/Content/QBert/Letters/Arcade_-_QBert_-_General_Sprites_QBert_Letters_137.uasset" 280
"../../../../../../Users/nickm/Desktop/GBC/S4/Game Production/GAME2030_NW_QBert/Content/QBert/Letters/Arcade_-_QBert_-_General_Sprites_QBert_Letters_138.uasset" 281
"../../../../../../Users/nickm/Desktop/GBC/S4/Game Production/GAME2030_NW_QBert/Content/QBert/Letters/Arcade_-_QBert_-_General_Sprites_QBert_Letters_139.uasset" 282
"../../../../../../Users/nickm/Desktop/GBC/S4/Game Production/GAME2030_NW_QBert/Content/QBert/Letters/Arcade_-_QBert_-_General_Sprites_QBert_Letters_14.uasset" 283
"../../../../../../Users/nickm/Desktop/GBC/S4/Game Production/GAME2030_NW_QBert/Content/QBert/Letters/Arcade_-_QBert_-_General_Sprites_QBert_Letters_140.uasset" 284
"../../../../../../Users/nickm/Desktop/GBC/S4/Game Production/GAME2030_NW_QBert/Content/QBert/Letters/Arcade_-_QBert_-_General_Sprites_QBert_Letters_141.uasset" 285
"../../../../../../Users/nickm/Desktop/GBC/S4/Game Production/GAME2030_NW_QBert/Content/QBert/Letters/Arcade_-_QBert_-_General_Sprites_QBert_Letters_142.uasset" 286
"../../../../../../Users/nickm/Desktop/GBC/S4/Game Production/GAME2030_NW_QBert/Content/QBert/Letters/Arcade_-_QBert_-_General_Sprites_QBert_Letters_143.uasset" 287
"../../../../../../Users/nickm/Desktop/GBC/S4/Game Production/GAME2030_NW_QBert/Content/QBert/Letters/Arcade_-_QBert_-_General_Sprites_QBert_Letters_144.uasset" 288
"../../../../../../Users/nickm/Desktop/GBC/S4/Game Production/GAME2030_NW_QBert/Content/QBert/Letters/Arcade_-_QBert_-_General_Sprites_QBert_Letters_145.uasset" 289
"../../../../../../Users/nickm/Desktop/GBC/S4/Game Production/GAME2030_NW_QBert/Content/QBert/Letters/Arcade_-_QBert_-_General_Sprites_QBert_Letters_146.uasset" 290
"../../../../../../Users/nickm/Desktop/GBC/S4/Game Production/GAME2030_NW_QBert/Content/QBert/Letters/Arcade_-_QBert_-_General_Sprites_QBert_Letters_147.uasset" 291
"../../../../../../Users/nickm/Desktop/GBC/S4/Game Production/GAME2030_NW_QBert/Content/QBert/Letters/Arcade_-_QBert_-_General_Sprites_QBert_Letters_148.uasset" 292
"../../../../../../Users/nickm/Desktop/GBC/S4/Game Production/GAME2030_NW_QBert/Content/QBert/Letters/Arcade_-_QBert_-_General_Sprites_QBert_Letters_149.uasset" 293
"../../../../../../Users/nickm/Desktop/GBC/S4/Game Production/GAME2030_NW_QBert/Content/QBert/Letters/Arcade_-_QBert_-_General_Sprites_QBert_Letters_15.uasset" 294
"../../../../../../Users/nickm/Desktop/GBC/S4/Game Production/GAME2030_NW_QBert/Content/QBert/Letters/Arcade_-_QBert_-_General_Sprites_QBert_Letters_150.uasset" 295
"../../../../../../Users/nickm/Desktop/GBC/S4/Game Production/GAME2030_NW_QBert/Content/QBert/Letters/Arcade_-_QBert_-_General_Sprites_QBert_Letters_151.uasset" 296
"../../../../../../Users/nickm/Desktop/GBC/S4/Game Production/GAME2030_NW_QBert/Content/QBert/Letters/Arcade_-_QBert_-_General_Sprites_QBert_Letters_152.uasset" 297
"../../../../../../Users/nickm/Desktop/GBC/S4/Game Production/GAME2030_NW_QBert/Content/QBert/Letters/Arcade_-_QBert_-_General_Sprites_QBert_Letters_153.uasset" 298
"../../../../../../Users/nickm/Desktop/GBC/S4/Game Production/GAME2030_NW_QBert/Content/QBert/Letters/Arcade_-_QBert_-_General_Sprites_QBert_Letters_154.uasset" 299
"../../../../../../Users/nickm/Desktop/GBC/S4/Game Production/GAME2030_NW_QBert/Content/QBert/Letters/Arcade_-_QBert_-_General_Sprites_QBert_Letters_155.uasset" 300
"../../../../../../Users/nickm/Desktop/GBC/S4/Game Production/GAME2030_NW_QBert/Content/QBert/Letters/Arcade_-_QBert_-_General_Sprites_QBert_Letters_156.uasset" 301
"../../../../../../Users/nickm/Desktop/GBC/S4/Game Production/GAME2030_NW_QBert/Content/QBert/Letters/Arcade_-_QBert_-_General_Sprites_QBert_Letters_157.uasset" 302
"../../../../../../Users/nickm/Desktop/GBC/S4/Game Production/GAME2030_NW_QBert/Content/QBert/Letters/Arcade_-_QBert_-_General_Sprites_QBert_Letters_158.uasset" 303
"../../../../../../Users/nickm/Desktop/GBC/S4/Game Production/GAME2030_NW_QBert/Content/QBert/Letters/Arcade_-_QBert_-_General_Sprites_QBert_Letters_159.uasset" 304
"../../../../../../Users/nickm/Desktop/GBC/S4/Game Production/GAME2030_NW_QBert/Content/QBert/Letters/Arcade_-_QBert_-_General_Sprites_QBert_Letters_16.uasset" 305
"../../../../../../Users/nickm/Desktop/GBC/S4/Game Production/GAME2030_NW_QBert/Content/QBert/Letters/Arcade_-_QBert_-_General_Sprites_QBert_Letters_160.uasset" 306
"../../../../../../Users/nickm/Desktop/GBC/S4/Game Production/GAME2030_NW_QBert/Content/QBert/Letters/Arcade_-_QBert_-_General_Sprites_QBert_Letters_161.uasset" 307
"../../../../../../Users/nickm/Desktop/GBC/S4/Game Production/GAME2030_NW_QBert/Content/QBert/Letters/Arcade_-_QBert_-_General_Sprites_QBert_Letters_162.uasset" 308
"../../../../../../Users/nickm/Desktop/GBC/S4/Game Production/GAME2030_NW_QBert/Content/QBert/Letters/Arcade_-_QBert_-_General_Sprites_QBert_Letters_163.uasset" 309
"../../../../../../Users/nickm/Desktop/GBC/S4/Game Production/GAME2030_NW_QBert/Content/QBert/Letters/Arcade_-_QBert_-_General_Sprites_QBert_Letters_164.uasset" 310
"../../../../../../Users/nickm/Desktop/GBC/S4/Game Production/GAME2030_NW_QBert/Content/QBert/Letters/Arcade_-_QBert_-_General_Sprites_QBert_Letters_165.uasset" 311
"../../../../../../Users/nickm/Desktop/GBC/S4/Game Production/GAME2030_NW_QBert/Content/QBert/Letters/Arcade_-_QBert_-_General_Sprites_QBert_Letters_166.uasset" 312
"../../../../../../Users/nickm/Desktop/GBC/S4/Game Production/GAME2030_NW_QBert/Content/QBert/Letters/Arcade_-_QBert_-_General_Sprites_QBert_Letters_167.uasset" 313
"../../../../../../Users/nickm/Desktop/GBC/S4/Game Production/GAME2030_NW_QBert/Content/QBert/Letters/Arcade_-_QBert_-_General_Sprites_QBert_Letters_168.uasset" 314
"../../../../../../Users/nickm/Desktop/GBC/S4/Game Production/GAME2030_NW_QBert/Content/QBert/Letters/Arcade_-_QBert_-_General_Sprites_QBert_Letters_169.uasset" 315
"../../../../../../Users/nickm/Desktop/GBC/S4/Game Production/GAME2030_NW_QBert/Content/QBert/Letters/Arcade_-_QBert_-_General_Sprites_QBert_Letters_17.uasset" 316
"../../../../../../Users/nickm/Desktop/GBC/S4/Game Production/GAME2030_NW_QBert/Content/QBert/Letters/Arcade_-_QBert_-_General_Sprites_QBert_Letters_170.uasset" 317
"../../../../../../Users/nickm/Desktop/GBC/S4/Game Production/GAME2030_NW_QBert/Content/QBert/Letters/Arcade_-_QBert_-_General_Sprites_QBert_Letters_171.uasset" 318
"../../../../../../Users/nickm/Desktop/GBC/S4/Game Production/GAME2030_NW_QBert/Content/QBert/Letters/Arcade_-_QBert_-_General_Sprites_QBert_Letters_172.uasset" 319
"../../../../../../Users/nickm/Desktop/GBC/S4/Game Production/GAME2030_NW_QBert/Content/QBert/Letters/Arcade_-_QBert_-_General_Sprites_QBert_Letters_173.uasset" 320
"../../../../../../Users/nickm/Desktop/GBC/S4/Game Production/GAME2030_NW_QBert/Content/QBert/Letters/Arcade_-_QBert_-_General_Sprites_QBert_Letters_174.uasset" 321
"../../../../../../Users/nickm/Desktop/GBC/S4/Game Production/GAME2030_NW_QBert/Content/QBert/Letters/Arcade_-_QBert_-_General_Sprites_QBert_Letters_175.uasset" 322
"../../../../../../Users/nickm/Desktop/GBC/S4/Game Production/GAME2030_NW_QBert/Content/QBert/Letters/Arcade_-_QBert_-_General_Sprites_QBert_Letters_176.uasset" 323
"../../../../../../Users/nickm/Desktop/GBC/S4/Game Production/GAME2030_NW_QBert/Content/QBert/Letters/Arcade_-_QBert_-_General_Sprites_QBert_Letters_177.uasset" 324
"../../../../../../Users/nickm/Desktop/GBC/S4/Game Production/GAME2030_NW_QBert/Content/QBert/Letters/Arcade_-_QBert_-_General_Sprites_QBert_Letters_178.uasset" 325
"../../../../../../Users/nickm/Desktop/GBC/S4/Game Production/GAME2030_NW_QBert/Content/QBert/Letters/Arcade_-_QBert_-_General_Sprites_QBert_Letters_179.uasset" 326
"../../../../../../Users/nickm/Desktop/GBC/S4/Game Production/GAME2030_NW_QBert/Content/QBert/Letters/Arcade_-_QBert_-_General_Sprites_QBert_Letters_18.uasset" 327
"../../../../../../Users/nickm/Desktop/GBC/S4/Game Production/GAME2030_NW_QBert/Content/QBert/Letters/Arcade_-_QBert_-_General_Sprites_QBert_Letters_180.uasset" 328
"../../../../../../Users/nickm/Desktop/GBC/S4/Game Production/GAME2030_NW_QBert/Content/QBert/Letters/Arcade_-_QBert_-_General_Sprites_QBert_Letters_181.uasset" 329
"../../../../../../Users/nickm/Desktop/GBC/S4/Game Production/GAME2030_NW_QBert/Content/QBert/Letters/Arcade_-_QBert_-_General_Sprites_QBert_Letters_182.uasset" 330
"../../../../../../Users/nickm/Desktop/GBC/S4/Game Production/GAME2030_NW_QBert/Content/QBert/Letters/Arcade_-_QBert_-_General_Sprites_QBert_Letters_183.uasset" 331
"../../../../../../Users/nickm/Desktop/GBC/S4/Game Production/GAME2030_NW_QBert/Content/QBert/Letters/Arcade_-_QBert_-_General_Sprites_QBert_Letters_184.uasset" 332
"../../../../../../Users/nickm/Desktop/GBC/S4/Game Production/GAME2030_NW_QBert/Content/QBert/Letters/Arcade_-_QBert_-_General_Sprites_QBert_Letters_185.uasset" 333
"../../../../../../Users/nickm/Desktop/GBC/S4/Game Production/GAME2030_NW_QBert/Content/QBert/Letters/Arcade_-_QBert_-_General_Sprites_QBert_Letters_186.uasset" 334
"../../../../../../Users/nickm/Desktop/GBC/S4/Game Production/GAME2030_NW_QBert/Content/QBert/Letters/Arcade_-_QBert_-_General_Sprites_QBert_Letters_187.uasset" 335
"../../../../../../Users/nickm/Desktop/GBC/S4/Game Production/GAME2030_NW_QBert/Content/QBert/Letters/Arcade_-_QBert_-_General_Sprites_QBert_Letters_188.uasset" 336
"../../../../../../Users/nickm/Desktop/GBC/S4/Game Production/GAME2030_NW_QBert/Content/QBert/Letters/Arcade_-_QBert_-_General_Sprites_QBert_Letters_189.uasset" 337
"../../../../../../Users/nickm/Desktop/GBC/S4/Game Production/GAME2030_NW_QBert/Content/QBert/Letters/Arcade_-_QBert_-_General_Sprites_QBert_Letters_19.uasset" 338
"../../../../../../Users/nickm/Desktop/GBC/S4/Game Production/GAME2030_NW_QBert/Content/QBert/Letters/Arcade_-_QBert_-_General_Sprites_QBert_Letters_190.uasset" 339
"../../../../../../Users/nickm/Desktop/GBC/S4/Game Production/GAME2030_NW_QBert/Content/QBert/Letters/Arcade_-_QBert_-_General_Sprites_QBert_Letters_191.uasset" 340
"../../../../../../Users/nickm/Desktop/GBC/S4/Game Production/GAME2030_NW_QBert/Content/QBert/Letters/Arcade_-_QBert_-_General_Sprites_QBert_Letters_192.uasset" 341
"../../../../../../Users/nickm/Desktop/GBC/S4/Game Production/GAME2030_NW_QBert/Content/QBert/Letters/Arcade_-_QBert_-_General_Sprites_QBert_Letters_193.uasset" 342
"../../../../../../Users/nickm/Desktop/GBC/S4/Game Production/GAME2030_NW_QBert/Content/QBert/Letters/Arcade_-_QBert_-_General_Sprites_QBert_Letters_194.uasset" 343
"../../../../../../Users/nickm/Desktop/GBC/S4/Game Production/GAME2030_NW_QBert/Content/QBert/Letters/Arcade_-_QBert_-_General_Sprites_QBert_Letters_195.uasset" 344
"../../../../../../Users/nickm/Desktop/GBC/S4/Game Production/GAME2030_NW_QBert/Content/QBert/Letters/Arcade_-_QBert_-_General_Sprites_QBert_Letters_196.uasset" 345
"../../../../../../Users/nickm/Desktop/GBC/S4/Game Production/GAME2030_NW_QBert/Content/QBert/Letters/Arcade_-_QBert_-_General_Sprites_QBert_Letters_197.uasset" 346
"../../../../../../Users/nickm/Desktop/GBC/S4/Game Production/GAME2030_NW_QBert/Content/QBert/Letters/Arcade_-_QBert_-_General_Sprites_QBert_Letters_198.uasset" 347
"../../../../../../Users/nickm/Desktop/GBC/S4/Game Production/GAME2030_NW_QBert/Content/QBert/Letters/Arcade_-_QBert_-_General_Sprites_QBert_Letters_199.uasset" 348
"../../../../../../Users/nickm/Desktop/GBC/S4/Game Production/GAME2030_NW_QBert/Content/QBert/Letters/Arcade_-_QBert_-_General_Sprites_QBert_Letters_20.uasset" 349
"../../../../../../Users/nickm/Desktop/GBC/S4/Game Production/GAME2030_NW_QBert/Content/QBert/Letters/Arcade_-_QBert_-_General_Sprites_QBert_Letters_200.uasset" 350
"../../../../../../Users/nickm/Desktop/GBC/S4/Game Production/GAME2030_NW_QBert/Content/QBert/Letters/Arcade_-_QBert_-_General_Sprites_QBert_Letters_201.uasset" 351
"../../../../../../Users/nickm/Desktop/GBC/S4/Game Production/GAME2030_NW_QBert/Content/QBert/Letters/Arcade_-_QBert_-_General_Sprites_QBert_Letters_202.uasset" 352
"../../../../../../Users/nickm/Desktop/GBC/S4/Game Production/GAME2030_NW_QBert/Content/QBert/Letters/Arcade_-_QBert_-_General_Sprites_QBert_Letters_203.uasset" 353
"../../../../../../Users/nickm/Desktop/GBC/S4/Game Production/GAME2030_NW_QBert/Content/QBert/Letters/Arcade_-_QBert_-_General_Sprites_QBert_Letters_204.uasset" 354
"../../../../../../Users/nickm/Desktop/GBC/S4/Game Production/GAME2030_NW_QBert/Content/QBert/Letters/Arcade_-_QBert_-_General_Sprites_QBert_Letters_205.uasset" 355
"../../../../../../Users/nickm/Desktop/GBC/S4/Game Production/GAME2030_NW_QBert/Content/QBert/Letters/Arcade_-_QBert_-_General_Sprites_QBert_Letters_206.uasset" 356
"../../../../../../Users/nickm/Desktop/GBC/S4/Game Production/GAME2030_NW_QBert/Content/QBert/Letters/Arcade_-_QBert_-_General_Sprites_QBert_Letters_207.uasset" 357
"../../../../../../Users/nickm/Desktop/GBC/S4/Game Production/GAME2030_NW_QBert/Content/QBert/Letters/Arcade_-_QBert_-_General_Sprites_QBert_Letters_21.uasset" 358
"../../../../../../Users/nickm/Desktop/GBC/S4/Game Production/GAME2030_NW_QBert/Content/QBert/Letters/Arcade_-_QBert_-_General_Sprites_QBert_Letters_22.uasset" 359
"../../../../../../Users/nickm/Desktop/GBC/S4/Game Production/GAME2030_NW_QBert/Content/QBert/Letters/Arcade_-_QBert_-_General_Sprites_QBert_Letters_23.uasset" 360
"../../../../../../Users/nickm/Desktop/GBC/S4/Game Production/GAME2030_NW_QBert/Content/QBert/Letters/Arcade_-_QBert_-_General_Sprites_QBert_Letters_24.uasset" 361
"../../../../../../Users/nickm/Desktop/GBC/S4/Game Production/GAME2030_NW_QBert/Content/QBert/Letters/Arcade_-_QBert_-_General_Sprites_QBert_Letters_25.uasset" 362
"../../../../../../Users/nickm/Desktop/GBC/S4/Game Production/GAME2030_NW_QBert/Content/QBert/Letters/Arcade_-_QBert_-_General_Sprites_QBert_Letters_26.uasset" 363
"../../../../../../Users/nickm/Desktop/GBC/S4/Game Production/GAME2030_NW_QBert/Content/QBert/Letters/Arcade_-_QBert_-_General_Sprites_QBert_Letters_27.uasset" 364
"../../../../../../Users/nickm/Desktop/GBC/S4/Game Production/GAME2030_NW_QBert/Content/QBert/Letters/Arcade_-_QBert_-_General_Sprites_QBert_Letters_28.uasset" 365
"../../../../../../Users/nickm/Desktop/GBC/S4/Game Production/GAME2030_NW_QBert/Content/QBert/Letters/Arcade_-_QBert_-_General_Sprites_QBert_Letters_29.uasset" 366
"../../../../../../Users/nickm/Desktop/GBC/S4/Game Production/GAME2030_NW_QBert/Content/QBert/Letters/Arcade_-_QBert_-_General_Sprites_QBert_Letters_30.uasset" 367
"../../../../../../Users/nickm/Desktop/GBC/S4/Game Production/GAME2030_NW_QBert/Content/QBert/Letters/Arcade_-_QBert_-_General_Sprites_QBert_Letters_31.uasset" 368
"../../../../../../Users/nickm/Desktop/GBC/S4/Game Production/GAME2030_NW_QBert/Content/QBert/Letters/Arcade_-_QBert_-_General_Sprites_QBert_Letters_32.uasset" 369
"../../../../../../Users/nickm/Desktop/GBC/S4/Game Production/GAME2030_NW_QBert/Content/QBert/Letters/Arcade_-_QBert_-_General_Sprites_QBert_Letters_33.uasset" 370
"../../../../../../Users/nickm/Desktop/GBC/S4/Game Production/GAME2030_NW_QBert/Content/QBert/Letters/Arcade_-_QBert_-_General_Sprites_QBert_Letters_34.uasset" 371
"../../../../../../Users/nickm/Desktop/GBC/S4/Game Production/GAME2030_NW_QBert/Content/QBert/Letters/Arcade_-_QBert_-_General_Sprites_QBert_Letters_35.uasset" 372
"../../../../../../Users/nickm/Desktop/GBC/S4/Game Production/GAME2030_NW_QBert/Content/QBert/Letters/Arcade_-_QBert_-_General_Sprites_QBert_Letters_36.uasset" 373
"../../../../../../Users/nickm/Desktop/GBC/S4/Game Production/GAME2030_NW_QBert/Content/QBert/Letters/Arcade_-_QBert_-_General_Sprites_QBert_Letters_37.uasset" 374
"../../../../../../Users/nickm/Desktop/GBC/S4/Game Production/GAME2030_NW_QBert/Content/QBert/Letters/Arcade_-_QBert_-_General_Sprites_QBert_Letters_38.uasset" 375
"../../../../../../Users/nickm/Desktop/GBC/S4/Game Production/GAME2030_NW_QBert/Content/QBert/Letters/Arcade_-_QBert_-_General_Sprites_QBert_Letters_39.uasset" 376
"../../../../../../Users/nickm/Desktop/GBC/S4/Game Production/GAME2030_NW_QBert/Content/QBert/Letters/Arcade_-_QBert_-_General_Sprites_QBert_Letters_40.uasset" 377
"../../../../../../Users/nickm/Desktop/GBC/S4/Game Production/GAME2030_NW_QBert/Content/QBert/Letters/Arcade_-_QBert_-_General_Sprites_QBert_Letters_41.uasset" 378
"../../../../../../Users/nickm/Desktop/GBC/S4/Game Production/GAME2030_NW_QBert/Content/QBert/Letters/Arcade_-_QBert_-_General_Sprites_QBert_Letters_42.uasset" 379
"../../../../../../Users/nickm/Desktop/GBC/S4/Game Production/GAME2030_NW_QBert/Content/QBert/Letters/Arcade_-_QBert_-_General_Sprites_QBert_Letters_43.uasset" 380
"../../../../../../Users/nickm/Desktop/GBC/S4/Game Production/GAME2030_NW_QBert/Content/QBert/Letters/Arcade_-_QBert_-_General_Sprites_QBert_Letters_44.uasset" 381
"../../../../../../Users/nickm/Desktop/GBC/S4/Game Production/GAME2030_NW_QBert/Content/QBert/Letters/Arcade_-_QBert_-_General_Sprites_QBert_Letters_45.uasset" 382
"../../../../../../Users/nickm/Desktop/GBC/S4/Game Production/GAME2030_NW_QBert/Content/QBert/Letters/Arcade_-_QBert_-_General_Sprites_QBert_Letters_46.uasset" 383
"../../../../../../Users/nickm/Desktop/GBC/S4/Game Production/GAME2030_NW_QBert/Content/QBert/Letters/Arcade_-_QBert_-_General_Sprites_QBert_Letters_47.uasset" 384
"../../../../../../Users/nickm/Desktop/GBC/S4/Game Production/GAME2030_NW_QBert/Content/QBert/Letters/Arcade_-_QBert_-_General_Sprites_QBert_Letters_48.uasset" 385
"../../../../../../Users/nickm/Desktop/GBC/S4/Game Production/GAME2030_NW_QBert/Content/QBert/Letters/Arcade_-_QBert_-_General_Sprites_QBert_Letters_49.uasset" 386
"../../../../../../Users/nickm/Desktop/GBC/S4/Game Production/GAME2030_NW_QBert/Content/QBert/Letters/Arcade_-_QBert_-_General_Sprites_QBert_Letters_50.uasset" 387
"../../../../../../Users/nickm/Desktop/GBC/S4/Game Production/GAME2030_NW_QBert/Content/QBert/Letters/Arcade_-_QBert_-_General_Sprites_QBert_Letters_51.uasset" 388
"../../../../../../Users/nickm/Desktop/GBC/S4/Game Production/GAME2030_NW_QBert/Content/QBert/Letters/Arcade_-_QBert_-_General_Sprites_QBert_Letters_52.uasset" 389
"../../../../../../Users/nickm/Desktop/GBC/S4/Game Production/GAME2030_NW_QBert/Content/QBert/Letters/Arcade_-_QBert_-_General_Sprites_QBert_Letters_53.uasset" 390
"../../../../../../Users/nickm/Desktop/GBC/S4/Game Production/GAME2030_NW_QBert/Content/QBert/Letters/Arcade_-_QBert_-_General_Sprites_QBert_Letters_54.uasset" 391
"../../../../../../Users/nickm/Desktop/GBC/S4/Game Production/GAME2030_NW_QBert/Content/QBert/Letters/Arcade_-_QBert_-_General_Sprites_QBert_Letters_55.uasset" 392
"../../../../../../Users/nickm/Desktop/GBC/S4/Game Production/GAME2030_NW_QBert/Content/QBert/Letters/Arcade_-_QBert_-_General_Sprites_QBert_Letters_56.uasset" 393
"../../../../../../Users/nickm/Desktop/GBC/S4/Game Production/GAME2030_NW_QBert/Content/QBert/Letters/Arcade_-_QBert_-_General_Sprites_QBert_Letters_57.uasset" 394
"../../../../../../Users/nickm/Desktop/GBC/S4/Game Production/GAME2030_NW_QBert/Content/QBert/Letters/Arcade_-_QBert_-_General_Sprites_QBert_Letters_58.uasset" 395
"../../../../../../Users/nickm/Desktop/GBC/S4/Game Production/GAME2030_NW_QBert/Content/QBert/Letters/Arcade_-_QBert_-_General_Sprites_QBert_Letters_59.uasset" 396
"../../../../../../Users/nickm/Desktop/GBC/S4/Game Production/GAME2030_NW_QBert/Content/QBert/Letters/Arcade_-_QBert_-_General_Sprites_QBert_Letters_60.uasset" 397
"../../../../../../Users/nickm/Desktop/GBC/S4/Game Production/GAME2030_NW_QBert/Content/QBert/Letters/Arcade_-_QBert_-_General_Sprites_QBert_Letters_61.uasset" 398
"../../../../../../Users/nickm/Desktop/GBC/S4/Game Production/GAME2030_NW_QBert/Content/QBert/Letters/Arcade_-_QBert_-_General_Sprites_QBert_Letters_62.uasset" 399
"../../../../../../Users/nickm/Desktop/GBC/S4/Game Production/GAME2030_NW_QBert/Content/QBert/Letters/Arcade_-_QBert_-_General_Sprites_QBert_Letters_63.uasset" 400
"../../../../../../Users/nickm/Desktop/GBC/S4/Game Production/GAME2030_NW_QBert/Content/QBert/Letters/Arcade_-_QBert_-_General_Sprites_QBert_Letters_64.uasset" 401
"../../../../../../Users/nickm/Desktop/GBC/S4/Game Production/GAME2030_NW_QBert/Content/QBert/Letters/Arcade_-_QBert_-_General_Sprites_QBert_Letters_65.uasset" 402
"../../../../../../Users/nickm/Desktop/GBC/S4/Game Production/GAME2030_NW_QBert/Content/QBert/Letters/Arcade_-_QBert_-_General_Sprites_QBert_Letters_66.uasset" 403
"../../../../../../Users/nickm/Desktop/GBC/S4/Game Production/GAME2030_NW_QBert/Content/QBert/Letters/Arcade_-_QBert_-_General_Sprites_QBert_Letters_67.uasset" 404
"../../../../../../Users/nickm/Desktop/GBC/S4/Game Production/GAME2030_NW_QBert/Content/QBert/Letters/Arcade_-_QBert_-_General_Sprites_QBert_Letters_68.uasset" 405
"../../../../../../Users/nickm/Desktop/GBC/S4/Game Production/GAME2030_NW_QBert/Content/QBert/Letters/Arcade_-_QBert_-_General_Sprites_QBert_Letters_69.uasset" 406
"../../../../../../Users/nickm/Desktop/GBC/S4/Game Production/GAME2030_NW_QBert/Content/QBert/Letters/Arcade_-_QBert_-_General_Sprites_QBert_Letters_70.uasset" 407
"../../../../../../Users/nickm/Desktop/GBC/S4/Game Production/GAME2030_NW_QBert/Content/QBert/Letters/Arcade_-_QBert_-_General_Sprites_QBert_Letters_71.uasset" 408
"../../../../../../Users/nickm/Desktop/GBC/S4/Game Production/GAME2030_NW_QBert/Content/QBert/Letters/Arcade_-_QBert_-_General_Sprites_QBert_Letters_72.uasset" 409
"../../../../../../Users/nickm/Desktop/GBC/S4/Game Production/GAME2030_NW_QBert/Content/QBert/Letters/Arcade_-_QBert_-_General_Sprites_QBert_Letters_73.uasset" 410
"../../../../../../Users/nickm/Desktop/GBC/S4/Game Production/GAME2030_NW_QBert/Content/QBert/Letters/Arcade_-_QBert_-_General_Sprites_QBert_Letters_74.uasset" 411
"../../../../../../Users/nickm/Desktop/GBC/S4/Game Production/GAME2030_NW_QBert/Content/QBert/Letters/Arcade_-_QBert_-_General_Sprites_QBert_Letters_75.uasset" 412
"../../../../../../Users/nickm/Desktop/GBC/S4/Game Production/GAME2030_NW_QBert/Content/QBert/Letters/Arcade_-_QBert_-_General_Sprites_QBert_Letters_76.uasset" 413
"../../../../../../Users/nickm/Desktop/GBC/S4/Game Production/GAME2030_NW_QBert/Content/QBert/Letters/Arcade_-_QBert_-_General_Sprites_QBert_Letters_77.uasset" 414
"../../../../../../Users/nickm/Desktop/GBC/S4/Game Production/GAME2030_NW_QBert/Content/QBert/Letters/Arcade_-_QBert_-_General_Sprites_QBert_Letters_78.uasset" 415
"../../../../../../Users/nickm/Desktop/GBC/S4/Game Production/GAME2030_NW_QBert/Content/QBert/Letters/Arcade_-_QBert_-_General_Sprites_QBert_Letters_79.uasset" 416
"../../../../../../Users/nickm/Desktop/GBC/S4/Game Production/GAME2030_NW_QBert/Content/QBert/Letters/Arcade_-_QBert_-_General_Sprites_QBert_Letters_80.uasset" 417
"../../../../../../Users/nickm/Desktop/GBC/S4/Game Production/GAME2030_NW_QBert/Content/QBert/Letters/Arcade_-_QBert_-_General_Sprites_QBert_Letters_81.uasset" 418
"../../../../../../Users/nickm/Desktop/GBC/S4/Game Production/GAME2030_NW_QBert/Content/QBert/Letters/Arcade_-_QBert_-_General_Sprites_QBert_Letters_82.uasset" 419
"../../../../../../Users/nickm/Desktop/GBC/S4/Game Production/GAME2030_NW_QBert/Content/QBert/Letters/Arcade_-_QBert_-_General_Sprites_QBert_Letters_83.uasset" 420
"../../../../../../Users/nickm/Desktop/GBC/S4/Game Production/GAME2030_NW_QBert/Content/QBert/Letters/Arcade_-_QBert_-_General_Sprites_QBert_Letters_84.uasset" 421
"../../../../../../Users/nickm/Desktop/GBC/S4/Game Production/GAME2030_NW_QBert/Content/QBert/Letters/Arcade_-_QBert_-_General_Sprites_QBert_Letters_85.uasset" 422
"../../../../../../Users/nickm/Desktop/GBC/S4/Game Production/GAME2030_NW_QBert/Content/QBert/Letters/Arcade_-_QBert_-_General_Sprites_QBert_Letters_86.uasset" 423
"../../../../../../Users/nickm/Desktop/GBC/S4/Game Production/GAME2030_NW_QBert/Content/QBert/Letters/Arcade_-_QBert_-_General_Sprites_QBert_Letters_87.uasset" 424
"../../../../../../Users/nickm/Desktop/GBC/S4/Game Production/GAME2030_NW_QBert/Content/QBert/Letters/Arcade_-_QBert_-_General_Sprites_QBert_Letters_88.uasset" 425
"../../../../../../Users/nickm/Desktop/GBC/S4/Game Production/GAME2030_NW_QBert/Content/QBert/Letters/Arcade_-_QBert_-_General_Sprites_QBert_Letters_89.uasset" 426
"../../../../../../Users/nickm/Desktop/GBC/S4/Game Production/GAME2030_NW_QBert/Content/QBert/Letters/Arcade_-_QBert_-_General_Sprites_QBert_Letters_90.uasset" 427
"../../../../../../Users/nickm/Desktop/GBC/S4/Game Production/GAME2030_NW_QBert/Content/QBert/Letters/Arcade_-_QBert_-_General_Sprites_QBert_Letters_91.uasset" 428
"../../../../../../Users/nickm/Desktop/GBC/S4/Game Production/GAME2030_NW_QBert/Content/QBert/Letters/Arcade_-_QBert_-_General_Sprites_QBert_Letters_92.uasset" 429
"../../../../../../Users/nickm/Desktop/GBC/S4/Game Production/GAME2030_NW_QBert/Content/QBert/Letters/Arcade_-_QBert_-_General_Sprites_QBert_Letters_93.uasset" 430
"../../../../../../Users/nickm/Desktop/GBC/S4/Game Production/GAME2030_NW_QBert/Content/QBert/Letters/Arcade_-_QBert_-_General_Sprites_QBert_Letters_94.uasset" 431
"../../../../../../Users/nickm/Desktop/GBC/S4/Game Production/GAME2030_NW_QBert/Content/QBert/Letters/Arcade_-_QBert_-_General_Sprites_QBert_Letters_95.uasset" 432
"../../../../../../Users/nickm/Desktop/GBC/S4/Game Production/GAME2030_NW_QBert/Content/QBert/Letters/Arcade_-_QBert_-_General_Sprites_QBert_Letters_96.uasset" 433
"../../../../../../Users/nickm/Desktop/GBC/S4/Game Production/GAME2030_NW_QBert/Content/QBert/Letters/Arcade_-_QBert_-_General_Sprites_QBert_Letters_97.uasset" 434
"../../../../../../Users/nickm/Desktop/GBC/S4/Game Production/GAME2030_NW_QBert/Content/QBert/Letters/Arcade_-_QBert_-_General_Sprites_QBert_Letters_98.uasset" 435
"../../../../../../Users/nickm/Desktop/GBC/S4/Game Production/GAME2030_NW_QBert/Content/QBert/Letters/Arcade_-_QBert_-_General_Sprites_QBert_Letters_99.uasset" 436
"../../../../../../Users/nickm/Desktop/GBC/S4/Game Production/GAME2030_NW_QBert/Content/QBert/Orange_Tiles/Arcade_-_QBert_-_General_Sprites_2.uasset" 437
"../../../../../../Users/nickm/Desktop/GBC/S4/Game Production/GAME2030_NW_QBert/Content/QBert/Orange_Tiles/Arcade_-_QBert_-_General_Sprites_2_Sprite_0.uasset" 438
"../../../../../../Users/nickm/Desktop/GBC/S4/Game Production/GAME2030_NW_QBert/Content/QBert/Orange_Tiles/Arcade_-_QBert_-_General_Sprites_2_Sprite_1.uasset" 439
"../../../../../../Users/nickm/Desktop/GBC/S4/Game Production/GAME2030_NW_QBert/Content/QBert/Orange_Tiles/Arcade_-_QBert_-_General_Sprites_2_Sprite_10.uasset" 440
"../../../../../../Users/nickm/Desktop/GBC/S4/Game Production/GAME2030_NW_QBert/Content/QBert/Orange_Tiles/Arcade_-_QBert_-_General_Sprites_2_Sprite_11.uasset" 441
"../../../../../../Users/nickm/Desktop/GBC/S4/Game Production/GAME2030_NW_QBert/Content/QBert/Orange_Tiles/Arcade_-_QBert_-_General_Sprites_2_Sprite_2.uasset" 442
"../../../../../../Users/nickm/Desktop/GBC/S4/Game Production/GAME2030_NW_QBert/Content/QBert/Orange_Tiles/Arcade_-_QBert_-_General_Sprites_2_Sprite_3.uasset" 443
"../../../../../../Users/nickm/Desktop/GBC/S4/Game Production/GAME2030_NW_QBert/Content/QBert/Orange_Tiles/Arcade_-_QBert_-_General_Sprites_2_Sprite_4.uasset" 444
"../../../../../../Users/nickm/Desktop/GBC/S4/Game Production/GAME2030_NW_QBert/Content/QBert/Orange_Tiles/Arcade_-_QBert_-_General_Sprites_2_Sprite_5.uasset" 445
"../../../../../../Users/nickm/Desktop/GBC/S4/Game Production/GAME2030_NW_QBert/Content/QBert/Orange_Tiles/Arcade_-_QBert_-_General_Sprites_2_Sprite_6.uasset" 446
"../../../../../../Users/nickm/Desktop/GBC/S4/Game Production/GAME2030_NW_QBert/Content/QBert/Orange_Tiles/Arcade_-_QBert_-_General_Sprites_2_Sprite_7.uasset" 447
"../../../../../../Users/nickm/Desktop/GBC/S4/Game Production/GAME2030_NW_QBert/Content/QBert/Orange_Tiles/Arcade_-_QBert_-_General_Sprites_2_Sprite_8.uasset" 448
"../../../../../../Users/nickm/Desktop/GBC/S4/Game Production/GAME2030_NW_QBert/Content/QBert/Orange_Tiles/Arcade_-_QBert_-_General_Sprites_2_Sprite_9.uasset" 449
"../../../../../../Users/nickm/Desktop/GBC/S4/Game Production/GAME2030_NW_QBert/Content/QBert/QbertAudio/02_Level_Start.uasset" 450
"../../../../../../Users/nickm/Desktop/GBC/S4/Game Production/GAME2030_NW_QBert/Content/QBert/QbertAudio/03_Level_Clear.uasset" 451
"../../../../../../Users/nickm/Desktop/GBC/S4/Game Production/GAME2030_NW_QBert/Content/QBert/QbertAudio/04_Victory.uasset" 452
"../../../../../../Users/nickm/Desktop/GBC/S4/Game Production/GAME2030_NW_QBert/Content/QBert/QbertAudio/05_Finale.uasset" 453
"../../../../../../Users/nickm/Desktop/GBC/S4/Game Production/GAME2030_NW_QBert/Content/QBert/QbertAudio/06_Transition.uasset" 454
"../../../../../../Users/nickm/Desktop/GBC/S4/Game Production/GAME2030_NW_QBert/Content/QBert/QbertAudio/07_Game_Over_1.uasset" 455
"../../../../../../Users/nickm/Desktop/GBC/S4/Game Production/GAME2030_NW_QBert/Content/QBert/QbertAudio/08_Game_Over_2.uasset" 456
"../../../../../../Users/nickm/Desktop/GBC/S4/Game Production/GAME2030_NW_QBert/Content/StarterContent/Audio/Collapse01.uasset" 457
"../../../../../../Users/nickm/Desktop/GBC/S4/Game Production/GAME2030_NW_QBert/Content/StarterContent/Audio/Collapse02.uasset" 458
"../../../../../../Users/nickm/Desktop/GBC/S4/Game Production/GAME2030_NW_QBert/Content/StarterContent/Audio/Explosion01.uasset" 459
"../../../../../../Users/nickm/Desktop/GBC/S4/Game Production/GAME2030_NW_QBert/Content/StarterContent/Audio/Explosion02.uasset" 460
"../../../../../../Users/nickm/Desktop/GBC/S4/Game Production/GAME2030_NW_QBert/Content/StarterContent/Audio/Fire01.uasset" 461
"../../../../../../Users/nickm/Desktop/GBC/S4/Game Production/GAME2030_NW_QBert/Content/StarterContent/Audio/Fire_Sparks01.uasset" 462
"../../../../../../Users/nickm/Desktop/GBC/S4/Game Production/GAME2030_NW_QBert/Content/StarterContent/Audio/Light01.uasset" 463
"../../../../../../Users/nickm/Desktop/GBC/S4/Game Production/GAME2030_NW_QBert/Content/StarterContent/Audio/Light02.uasset" 464
"../../../../../../Users/nickm/Desktop/GBC/S4/Game Production/GAME2030_NW_QBert/Content/StarterContent/Audio/Smoke01.uasset" 465
"../../../../../../Users/nickm/Desktop/GBC/S4/Game Production/GAME2030_NW_QBert/Content/StarterContent/Audio/Starter_Music01.uasset" 466
"../../../../../../Users/nickm/Desktop/GBC/S4/Game Production/GAME2030_NW_QBert/Content/StarterContent/Audio/Steam01.uasset" 467
"../../../Engine/Content/Animation/DefaultAnimCurveCompressionSettings.uasset" 468
"../../../Engine/Content/Functions/Engine_MaterialFunctions01/Opacity/CameraDepthFade.uasset" 469
"../../../Engine/Content/EngineMaterials/T_Default_Material_Grid_M.uasset" 470
"../../../Engine/Content/EngineMaterials/T_Default_Material_Grid_N.uasset" 471
"../../../Engine/Content/EngineMaterials/WorldGridMaterial.uasset" 472
"../../../Engine/Content/ArtTools/RenderToTexture/Meshes/S_1_Unit_Plane.uasset" 473
"../../../Engine/Content/EngineMaterials/DefaultMaterial.uasset" 474
"../../../Engine/Content/BasicShapes/Cone.uasset" 475
"../../../Engine/Content/BasicShapes/Cube.uasset" 476
"../../../Engine/Content/BasicShapes/Cylinder.uasset" 477
"../../../Engine/Content/BasicShapes/Plane.uasset" 478
"../../../Engine/Content/BasicShapes/Sphere.uasset" 479
"../../../Engine/Content/EditorLandscapeResources/DataLayer.uasset" 480
"../../../Engine/Content/EditorMaterials/MAT_Groups_Toggle.uasset" 481
"../../../Engine/Content/EditorMaterials/MAT_Groups_Visibility.uasset" 482
"../../../Engine/Content/EditorMaterials/PreviewShadowIndicator.uasset" 483
"../../../Engine/Content/EditorMaterials/PreviewShadowIndicatorMaterial.uasset" 484
"../../../Engine/Content/EditorMaterials/MatineeGroups/MAT_ColorTrack.uasset" 485
"../../../Engine/Content/EditorMaterials/MatineeGroups/MAT_Groups_Anim.uasset" 486
"../../../Engine/Content/EditorMaterials/MatineeGroups/MAT_Groups_AudioMaster.uasset" 487
"../../../Engine/Content/EditorMaterials/MatineeGroups/MAT_Groups_Director.uasset" 488
"../../../Engine/Content/EditorMaterials/MatineeGroups/MAT_Groups_Event.uasset" 489
"../../../Engine/Content/EditorMaterials/MatineeGroups/MAT_Groups_Fade.uasset" 490
"../../../Engine/Content/EditorMaterials/MatineeGroups/MAT_Groups_Float.uasset" 491
"../../../Engine/Content/EditorMaterials/MatineeGroups/MAT_Groups_Move.uasset" 492
"../../../Engine/Content/EditorMaterials/MatineeGroups/MAT_Groups_Slomo.uasset" 493
"../../../Engine/Content/EditorMaterials/MatineeGroups/MAT_Groups_Sound.uasset" 494
"../../../Engine/Content/EditorMaterials/MatineeGroups/MAT_Groups_Vector.uasset" 495
"../../../Engine/Content/EditorMaterials/ParticleSystems/PSysThumbnail_NoImage.uasset" 496
"../../../Engine/Content/EditorMaterials/ParticleSystems/PSysThumbnail_OOD.uasset" 497
"../../../Engine/Content/EditorMaterials/Camera/CineMat.uasset" 498
"../../../Engine/Content/EditorMaterials/Camera/MI_CineMat_Rig.uasset" 499
"../../../Engine/Content/EditorMeshes/Camera/SM_CraneRig_Arm.uasset" 500
"../../../Engine/Content/EditorMeshes/Camera/SM_CraneRig_Base.uasset" 501
"../../../Engine/Content/EditorMeshes/Camera/SM_CraneRig_Body.uasset" 502
"../../../Engine/Content/EditorMeshes/Camera/SM_CraneRig_Mount.uasset" 503
"../../../Engine/Content/EditorMeshes/Camera/SM_RailRig_Mount.uasset" 504
"../../../Engine/Content/EditorMeshes/Camera/SM_RailRig_Track.uasset" 505
"../../../Engine/Content/EditorResources/BSPVertex.uasset" 506
"../../../Engine/Content/EditorResources/EmptyActor.uasset" 507
"../../../Engine/Content/EditorResources/S_Actor.uasset" 508
"../../../Engine/Content/EditorResources/S_Note.uasset" 509
"../../../Engine/Content/EditorResources/S_Solver.uasset" 510
"../../../Engine/Content/EditorResources/S_Trigger.uasset" 511
"../../../Engine/Content/EditorResources/AudioIcons/S_AudioComponent_AutoActivate.uasset" 512
"../../../Engine/Content/EditorResources/LightIcons/S_LightError.uasset" 513
"../../../Engine/Content/EditorResources/SequenceRecorder/Countdown.uasset" 514
"../../../Engine/Content/EditorResources/SequenceRecorder/RecordingIndicator.uasset" 515
"../../../Engine/Content/EditorSounds/Notifications/CompileFailed.uasset" 516
"../../../Engine/Content/EditorSounds/Notifications/CompileFailed_Cue.uasset" 517
"../../../Engine/Content/EditorSounds/Notifications/CompileSuccess.uasset" 518
"../../../Engine/Content/EditorSounds/Notifications/CompileStart_Cue.uasset" 519
"../../../Engine/Content/EditorSounds/Notifications/CompileSuccess_Cue.uasset" 520
"../../../Engine/Content/EngineDamageTypes/DmgTypeBP_Environmental.uasset" 521
"../../../Engine/Content/EngineDebugMaterials/DebugEditorMaterial.uasset" 522
"../../../Engine/Content/EngineDebugMaterials/DebugMeshMaterial.uasset" 523
"../../../Engine/Content/EngineDebugMaterials/M_SimpleUnlitTranslucent.uasset" 524
"../../../Engine/Content/Functions/Engine_MaterialFunctions02/Utility/CameraDirectionVector.uasset" 525
"../../../Engine/Content/EngineDebugMaterials/VolumeToRender.uasset" 526
"../../../Engine/Content/EngineDebugMaterials/M_VolumeRenderSphereTracePP.uasset" 527
"../../../Engine/Content/EngineDebugMaterials/WireframeMaterial.uasset" 528
"../../../Engine/Content/EngineFonts/Faces/DroidSansFallback.uasset" 529
"../../../Engine/Content/EngineFonts/Faces/RobotoBold.uasset" 530
"../../../Engine/Content/EngineFonts/Faces/RobotoBoldItalic.uasset" 531
"../../../Engine/Content/EngineFonts/Faces/RobotoItalic.uasset" 532
"../../../Engine/Content/EngineFonts/Faces/RobotoLight.uasset" 533
"../../../Engine/Content/EngineFonts/Faces/RobotoRegular.uasset" 534
"../../../Engine/Content/EngineFonts/Roboto.uasset" 535
"../../../Engine/Content/EngineMaterials/BaseFlattenDiffuseMap.uasset" 536
"../../../Engine/Content/EngineMaterials/BaseFlattenEmissiveMap.uasset" 537
"../../../Engine/Content/EngineMaterials/BaseFlattenGrayscaleMap.uasset" 538
"../../../Engine/Content/EngineMaterials/BaseFlattenNormalMap.uasset" 539
"../../../Engine/Content/EngineMaterials/BaseFlattenMaterial.uasset" 540
"../../../Engine/Content/EngineMaterials/BlueNoise.uasset" 541
"../../../Engine/Content/EngineMaterials/DefaultBloomKernel.uasset" 542
"../../../Engine/Content/EngineMaterials/DefaultBokeh.uasset" 543
"../../../Engine/Content/EngineMaterials/DefaultDiffuse.uasset" 544
"../../../Engine/Content/EngineMaterials/DefaultDeferredDecalMaterial.uasset" 545
"../../../Engine/Content/EngineMaterials/DefaultLightFunctionMaterial.uasset" 546
"../../../Engine/Content/EngineMaterials/DefaultPhysicalMaterial.uasset" 547
"../../../Engine/Content/Functions/Engine_MaterialFunctions02/Utility/BreakOutFloat2Components.uasset" 548
"../../../Engine/Content/EngineMaterials/DefaultPostProcessMaterial.uasset" 549
"../../../Engine/Content/EngineFonts/RobotoDistanceField.uasset" 550
"../../../Engine/Content/EngineMaterials/DefaultTextMaterialOpaque.uasset" 551
"../../../Engine/Content/EngineMaterials/DefaultWhiteGrid.uasset" 552
"../../../Engine/Content/EngineMaterials/DefaultWhiteGrid_Low.uasset" 553
"../../../Engine/Content/EngineMaterials/EmissiveMeshMaterial.uasset" 554
"../../../Engine/Content/EngineMaterials/GizmoMaterial.uasset" 555
"../../../Engine/Content/EngineMaterials/Good64x64TilingNoiseHighFreq.uasset" 556
"../../../Engine/Content/EngineMaterials/MiniFont.uasset" 557
"../../../Engine/Content/EngineMaterials/InvalidLightmapSettings.uasset" 558
"../../../Engine/Content/EngineMaterials/M_InvalidLightmapSettings.uasset" 559
"../../../Engine/Content/Functions/Engine_MaterialFunctions02/WorldPositionOffset/CameraOffset.uasset" 560
"../../../Engine/Content/EngineMaterials/PhAT_JointLimitMaterial.uasset" 561
"../../../Engine/Content/EngineMaterials/PreintegratedSkinBRDF.uasset" 562
"../../../Engine/Content/EngineMaterials/RemoveSurfaceMaterial.uasset" 563
"../../../Engine/Content/EngineMaterials/WeightMapPlaceholderTexture.uasset" 564
"../../../Engine/Content/EngineResources/WhiteSquareTexture.uasset" 565
"../../../Engine/Content/EngineMaterials/Widget3DPassThrough.uasset" 566
"../../../Engine/Content/EngineMaterials/Widget3DPassThrough_Masked.uasset" 567
"../../../Engine/Content/EngineMaterials/Widget3DPassThrough_Opaque.uasset" 568
"../../../Engine/Content/EngineMaterials/Widget3DPassThrough_Masked_OneSided.uasset" 569
"../../../Engine/Content/EngineMaterials/Widget3DPassThrough_Opaque_OneSided.uasset" 570
"../../../Engine/Content/EngineMaterials/Widget3DPassThrough_Translucent.uasset" 571
"../../../Engine/Content/EngineMaterials/Widget3DPassThrough_Translucent_OneSided.uasset" 572
"../../../Engine/Content/EngineMeshes/Cylinder.uasset" 573
"../../../Engine/Content/EngineMeshes/Sphere.uasset" 574
"../../../Engine/Content/EngineResources/Black.uasset" 575
"../../../Engine/Content/EngineResources/DefaultTexture.uasset" 576
"../../../Engine/Content/EngineResources/DefaultTextureCube.uasset" 577
"../../../Engine/Content/EngineResources/DefaultVolumeTexture2D.uasset" 578
"../../../Engine/Content/EngineResources/DefaultVolumeTexture.uasset" 579
"../../../Engine/Content/EngineResources/GradientTexture0.uasset" 580
"../../../Engine/Content/EngineSounds/Master.uasset" 581
"../../../Engine/Content/Functions/Engine_MaterialFunctions01/Shading/ConvertFromDiffSpec.uasset" 582
"../../../Engine/Content/Functions/Engine_MaterialFunctions01/Shading/PowerToRoughness.uasset" 583
"../../../Engine/Content/Maps/Templates/Thumbnails/Default.uasset" 584
"../../../Engine/Content/Maps/Templates/Thumbnails/TimeOfDay.uasset" 585
"../../../Engine/Content/Maps/Templates/Thumbnails/VR-Basic.uasset" 586
"../../../Engine/Content/MobileResources/T_MobileControls_texture.uasset" 587
"../../../Engine/Content/MobileResources/T_MobileMenu2.uasset" 588
"../../../Engine/Content/MobileResources/HUD/AnalogHat.uasset" 589
"../../../Engine/Content/MobileResources/HUD/VirtualJoystick_Background.uasset" 590
"../../../Engine/Content/MobileResources/HUD/VirtualJoystick_Thumb.uasset" 591
"../../../Engine/Content/MobileResources/HUD/DefaultVirtualJoysticks.uasset" 592
"../../../Engine/Content/MobileResources/HUD/LeftVirtualJoystickOnly.uasset" 593
"../../../Engine/Content/MobileResources/HUD/MobileHUDButton1_off.uasset" 594
"../../../Engine/Content/MobileResources/HUD/MobileHUDButton1_on.uasset" 595
"../../../Engine/Content/MobileResources/HUD/MobileHUDButton2_off.uasset" 596
"../../../Engine/Content/MobileResources/HUD/MobileHUDButton2_on.uasset" 597
"../../../Engine/Content/MobileResources/HUD/MobileHUDButton3.uasset" 598
"../../../Engine/Content/MobileResources/HUD/MobileHUDButtonFire.uasset" 599
"../../../Engine/Content/MobileResources/HUD/MobileHUDDirectionPad.uasset" 600
"../../../Engine/Content/MobileResources/HUD/MobileHUDDirectionPad2.uasset" 601
"../../../Engine/Content/MobileResources/HUD/MobileHUDDirectionPad3.uasset" 602
"../../../Engine/Content/MobileResources/HUD/MobileHUDDirectionStick.uasset" 603
"../../../Engine/Content/MobileResources/HUD/T_Castle_ThumbstickInner.uasset" 604
"../../../Engine/Content/MobileResources/HUD/T_Castle_ThumbstickOutter.uasset" 605
"../../../Engine/Content/Tutorial/ContentIntroCurve.uasset" 606
"../../../Engine/Content/Tutorial/Basics/LevelEditorAttract.uasset" 607
"../../../Engine/Content/Tutorial/Basics/TutorialAssets/icon_tab_Levels_40x.uasset" 608
"../../../Engine/Content/Tutorial/Basics/LevelEditorOverview.uasset" 609
"../../../Engine/Content/Tutorial/BlueprintTutorials/TutorialAssets/Blueprint_64x.uasset" 610
"../../../Engine/Content/Tutorial/BlueprintTutorials/BlueprintEditorTutorial.uasset" 611
"../../../Engine/Content/Tutorial/Landscape/TutorialAssets/Landscape.uasset" 612
"../../../Engine/Content/Tutorial/Landscape/LandscapeWalkThrough.uasset" 613
"../../../Engine/Content/Tutorial/Landscape/Landscape_Manage_Mode.uasset" 614
"../../../Engine/Content/Tutorial/Landscape/Landscape_Painting_Mode.uasset" 615
"../../../Engine/Content/Tutorial/Landscape/Landscape_Sculpt_Mode.uasset" 616
"../../../Engine/Content/Tutorial/SubEditors/MaterialEditorTutorial.uasset" 617
"../../../Engine/Content/Tutorial/SubEditors/TutorialAssets/TutorialMaterial.uasset" 618
"../../../Engine/Content/VREditor/LaserPointer/VR_LaserPower_01.uasset" 619
"../../../Engine/Content/VREditor/TransformGizmo/TransformGizmoMaterial.uasset" 620
"../../../Engine/Content/VREditor/TransformGizmo/TranslucentTransformGizmoMaterial.uasset" 621
"../../../Engine/Content/VREditor/TransformGizmo/BoundingBoxCorner.uasset" 622
"../../../Engine/Content/VREditor/TransformGizmo/BoundingBoxEdge.uasset" 623
"../../../Engine/Content/VREditor/TransformGizmo/PlaneTranslationHandle.uasset" 624
"../../../Engine/Content/VREditor/TransformGizmo/Main.uasset" 625
"../../../Engine/Content/VREditor/TransformGizmo/Xray.uasset" 626
"../../../Engine/Content/VREditor/TransformGizmo/SM_Sequencer_Key.uasset" 627
"../../../Engine/Content/VREditor/TransformGizmo/SM_Sequencer_Node.uasset" 628
"../../Plugins/2D/Paper2D/Content/PlaceholderTextures/DummySpriteTexture.uasset" 629
"../../Plugins/2D/Paper2D/Content/DummySprite.uasset" 630
"../../Plugins/2D/Paper2D/Content/DefaultPaperTerrainMaterial.uasset" 631
"../../Plugins/2D/Paper2D/Content/DefaultSpriteMaterial.uasset" 632
"../../Plugins/2D/Paper2D/Content/MaskedUnlitSpriteMaterial.uasset" 633
"../../Plugins/2D/Paper2D/Content/OpaqueUnlitSpriteMaterial.uasset" 634
"../../Plugins/FX/Niagara/Content/Enums/ENiagaraBooleanLogicOps.uasset" 635
"../../Plugins/FX/Niagara/Content/Enums/ENiagaraCoordinateSpace.uasset" 636
"../../Plugins/FX/Niagara/Content/Enums/ENiagaraExpansionMode.uasset" 637
"../../Plugins/FX/Niagara/Content/Enums/ENiagaraOrientationAxis.uasset" 638
"../../Plugins/FX/Niagara/Content/Enums/ENiagaraRandomnessMode.uasset" 639
"../../../Engine/Content/Functions/Engine_MaterialFunctions02/Utility/BreakOutFloat4Components.uasset" 640
"../../../Engine/Content/Functions/Engine_MaterialFunctions02/Utility/MakeFloat2.uasset" 641
"../../../Engine/Content/Functions/Engine_MaterialFunctions02/Utility/MakeFloat3.uasset" 642
"../../Plugins/Runtime/Oculus/OculusVR/Content/Materials/OculusMR_ChromaKey.uasset" 643
"../../Plugins/Runtime/Oculus/OculusVR/Content/Materials/OculusMR_ChromaKey_Lit.uasset" 644
"../../Plugins/Runtime/Oculus/OculusVR/Content/Materials/OculusMR_OpaqueColoredMaterial.uasset" 645
"../../Plugins/Runtime/Oculus/OculusVR/Content/Materials/OculusMR_WhiteMaterial.uasset" 646
"../../../../../../Users/nickm/Desktop/GBC/S4/Game Production/GAME2030_NW_QBert/Content/QBert/LeaderboardTilemap.uasset" 647
"../../../../../../Users/nickm/Desktop/GBC/S4/Game Production/GAME2030_NW_QBert/Content/Leaderboards.umap" 648
"../../../../../../Users/nickm/Desktop/GBC/S4/Game Production/GAME2030_NW_QBert/Content/audio/shoot.uasset" 649
"../../../../../../Users/nickm/Desktop/GBC/S4/Game Production/GAME2030_NW_QBert/Content/LoadingScreen.umap" 650
"../../../../../../Users/nickm/Desktop/GBC/S4/Game Production/GAME2030_NW_QBert/Content/QBert/QbertAudio/01_Control_Select.uasset" 651
"../../../../../../Users/nickm/Desktop/GBC/S4/Game Production/GAME2030_NW_QBert/Content/QBert/StartScreen_Tilemap.uasset" 652
"../../../../../../Users/nickm/Desktop/GBC/S4/Game Production/GAME2030_NW_QBert/Content/StartScreen.umap" 653
"../../../../../../Users/nickm/Desktop/GBC/S4/Game Production/GAME2030_NW_QBert/Content/QBert/MacroLib.uasset" 654
"../../../../../../Users/nickm/Desktop/GBC/S4/Game Production/GAME2030_NW_QBert/Content/QBert/Blue_Tiles/Arcade_-_QBert_-_General_Sprites_Blue_Tiles_Teleporters_0.uasset" 655
"../../../../../../Users/nickm/Desktop/GBC/S4/Game Production/GAME2030_NW_QBert/Content/QBert/Blue_Tiles/Arcade_-_QBert_-_General_Sprites_Blue_Tiles_Teleporters_1.uasset" 656
"../../../../../../Users/nickm/Desktop/GBC/S4/Game Production/GAME2030_NW_QBert/Content/QBert/Blue_Tiles/Arcade_-_QBert_-_General_Sprites_Blue_Tiles_Teleporters_2.uasset" 657
"../../../../../../Users/nickm/Desktop/GBC/S4/Game Production/GAME2030_NW_QBert/Content/QBert/Blue_Tiles/Arcade_-_QBert_-_General_Sprites_Blue_Tiles_Teleporters_3.uasset" 658
"../../../../../../Users/nickm/Desktop/GBC/S4/Game Production/GAME2030_NW_QBert/Content/QBert/Blue_Tiles/Blue_Elevator.uasset" 659
"../../../../../../Users/nickm/Desktop/GBC/S4/Game Production/GAME2030_NW_QBert/Content/QBert/Elevator.uasset" 660
"../../../../../../Users/nickm/Desktop/GBC/S4/Game Production/GAME2030_NW_QBert/Content/QBert/Characters/Arcade_-_QBert_-_General_Sprites_Characters_6.uasset" 661
"../../../../../../Users/nickm/Desktop/GBC/S4/Game Production/GAME2030_NW_QBert/Content/QBert/Characters/Arcade_-_QBert_-_General_Sprites_Characters_7.uasset" 662
"../../../../../../Users/nickm/Desktop/GBC/S4/Game Production/GAME2030_NW_QBert/Content/QBert/Characters/QBertFlipbook_DownLeft.uasset" 663
"../../../../../../Users/nickm/Desktop/GBC/S4/Game Production/GAME2030_NW_QBert/Content/QBert/Characters/Arcade_-_QBert_-_General_Sprites_Characters_4.uasset" 664
"../../../../../../Users/nickm/Desktop/GBC/S4/Game Production/GAME2030_NW_QBert/Content/QBert/Characters/Arcade_-_QBert_-_General_Sprites_Characters_5.uasset" 665
"../../../../../../Users/nickm/Desktop/GBC/S4/Game Production/GAME2030_NW_QBert/Content/QBert/Characters/QBertFlipbook_DownRight.uasset" 666
"../../../../../../Users/nickm/Desktop/GBC/S4/Game Production/GAME2030_NW_QBert/Content/QBert/Characters/Arcade_-_QBert_-_General_Sprites_Characters_2.uasset" 667
"../../../../../../Users/nickm/Desktop/GBC/S4/Game Production/GAME2030_NW_QBert/Content/QBert/Characters/Arcade_-_QBert_-_General_Sprites_Characters_3.uasset" 668
"../../../../../../Users/nickm/Desktop/GBC/S4/Game Production/GAME2030_NW_QBert/Content/QBert/Characters/QBertFlipbook_UpLeft.uasset" 669
"../../../../../../Users/nickm/Desktop/GBC/S4/Game Production/GAME2030_NW_QBert/Content/QBert/Characters/Arcade_-_QBert_-_General_Sprites_Characters_0.uasset" 670
"../../../../../../Users/nickm/Desktop/GBC/S4/Game Production/GAME2030_NW_QBert/Content/QBert/Characters/Arcade_-_QBert_-_General_Sprites_Characters_1.uasset" 671
"../../../../../../Users/nickm/Desktop/GBC/S4/Game Production/GAME2030_NW_QBert/Content/QBert/Characters/QBertFlipbook_UpRight.uasset" 672
"../../../../../../Users/nickm/Desktop/GBC/S4/Game Production/GAME2030_NW_QBert/Content/2DSideScrollerBP/Blueprints/2DSideScrollerCharacter.uasset" 673
"../../../../../../Users/nickm/Desktop/GBC/S4/Game Production/GAME2030_NW_QBert/Content/2DSideScrollerBP/Blueprints/2DSideScrollerGameMode.uasset" 674
"../../../../../../Users/nickm/Desktop/GBC/S4/Game Production/GAME2030_NW_QBert/Content/QBert/Characters/Arcade_-_QBert_-_General_Sprites_Characters_8.uasset" 675
"../../../../../../Users/nickm/Desktop/GBC/S4/Game Production/GAME2030_NW_QBert/Content/QBert/Characters/Arcade_-_QBert_-_General_Sprites_Characters_9.uasset" 676
"../../../../../../Users/nickm/Desktop/GBC/S4/Game Production/GAME2030_NW_QBert/Content/QBert/Characters/RedBlob_Flipbook.uasset" 677
"../../../../../../Users/nickm/Desktop/GBC/S4/Game Production/GAME2030_NW_QBert/Content/QBert/Characters/Arcade_-_QBert_-_General_Sprites_Characters_30.uasset" 678
"../../../../../../Users/nickm/Desktop/GBC/S4/Game Production/GAME2030_NW_QBert/Content/QBert/Characters/Arcade_-_QBert_-_General_Sprites_Characters_Tall_6.uasset" 679
"../../../../../../Users/nickm/Desktop/GBC/S4/Game Production/GAME2030_NW_QBert/Content/QBert/Characters/Snake_Downleft.uasset" 680
"../../../../../../Users/nickm/Desktop/GBC/S4/Game Production/GAME2030_NW_QBert/Content/QBert/Characters/Arcade_-_QBert_-_General_Sprites_Characters_28.uasset" 681
"../../../../../../Users/nickm/Desktop/GBC/S4/Game Production/GAME2030_NW_QBert/Content/QBert/Characters/Arcade_-_QBert_-_General_Sprites_Characters_Tall_4.uasset" 682
"../../../../../../Users/nickm/Desktop/GBC/S4/Game Production/GAME2030_NW_QBert/Content/QBert/Characters/Snake_DownRight.uasset" 683
"../../../../../../Users/nickm/Desktop/GBC/S4/Game Production/GAME2030_NW_QBert/Content/QBert/Characters/Arcade_-_QBert_-_General_Sprites_Characters_26.uasset" 684
"../../../../../../Users/nickm/Desktop/GBC/S4/Game Production/GAME2030_NW_QBert/Content/QBert/Characters/Arcade_-_QBert_-_General_Sprites_Characters_Tall_2.uasset" 685
"../../../../../../Users/nickm/Desktop/GBC/S4/Game Production/GAME2030_NW_QBert/Content/QBert/Characters/Snake_UpLeft.uasset" 686
"../../../../../../Users/nickm/Desktop/GBC/S4/Game Production/GAME2030_NW_QBert/Content/QBert/Characters/Arcade_-_QBert_-_General_Sprites_Characters_24.uasset" 687
"../../../../../../Users/nickm/Desktop/GBC/S4/Game Production/GAME2030_NW_QBert/Content/QBert/Characters/Arcade_-_QBert_-_General_Sprites_Characters_Tall_0.uasset" 688
"../../../../../../Users/nickm/Desktop/GBC/S4/Game Production/GAME2030_NW_QBert/Content/QBert/Characters/Snake_UpRight.uasset" 689
"../../../../../../Users/nickm/Desktop/GBC/S4/Game Production/GAME2030_NW_QBert/Content/QBert/Enemy.uasset" 690
"../../../../../../Users/nickm/Desktop/GBC/S4/Game Production/GAME2030_NW_QBert/Content/QBert/Characters/Arcade_-_QBert_-_General_Sprites_Characters_10.uasset" 691
"../../../../../../Users/nickm/Desktop/GBC/S4/Game Production/GAME2030_NW_QBert/Content/QBert/Characters/Arcade_-_QBert_-_General_Sprites_Characters_11.uasset" 692
"../../../../../../Users/nickm/Desktop/GBC/S4/Game Production/GAME2030_NW_QBert/Content/QBert/Characters/GreenBlob_Flipbook.uasset" 693
"../../../../../../Users/nickm/Desktop/GBC/S4/Game Production/GAME2030_NW_QBert/Content/QBert/Characters/Arcade_-_QBert_-_General_Sprites_Characters_12.uasset" 694
"../../../../../../Users/nickm/Desktop/GBC/S4/Game Production/GAME2030_NW_QBert/Content/QBert/Characters/Arcade_-_QBert_-_General_Sprites_Characters_13.uasset" 695
"../../../../../../Users/nickm/Desktop/GBC/S4/Game Production/GAME2030_NW_QBert/Content/QBert/Characters/PurpleBlob_FlipBook.uasset" 696
"../../../../../../Users/nickm/Desktop/GBC/S4/Game Production/GAME2030_NW_QBert/Content/QBert/ActorSpawner.uasset" 697
"../../../../../../Users/nickm/Desktop/GBC/S4/Game Production/GAME2030_NW_QBert/Content/2DSideScrollerBP/Maps/2DSideScrollerExampleMap_BuiltData.uasset" 698
"../../../Engine/Content/MapTemplates/Bokeh_5Sides.uasset" 699
"../../../Engine/Content/MapTemplates/T_ScreenDirt02_w.uasset" 700
"../../../../../../Users/nickm/Desktop/GBC/S4/Game Production/GAME2030_NW_QBert/Content/QBert/PauseScreen.uasset" 701
"../../../../../../Users/nickm/Desktop/GBC/S4/Game Production/GAME2030_NW_QBert/Content/2DSideScrollerBP/Maps/2DSideScrollerExampleMap.umap" 702
"../../../Engine/Content/Maps/Entry_BuiltData.uasset" 703
"../../../Engine/Content/Maps/Entry.umap" 704
